<?xml version="1.0" encoding="UTF-8"?>
<testsuite xmlns:xsi="http://www.w3.org/2001/XMLSchema-instance" xsi:noNamespaceSchemaLocation="https://maven.apache.org/surefire/maven-surefire-plugin/xsd/surefire-test-report.xsd" version="3.0.2" name="fr.hoophub.hoophubAPI.HoophubApiApplicationTests" time="1.335" tests="1" errors="0" skipped="0" failures="0">
  <properties>
[...]
</properties>
  <testcase name="contextLoads" classname="fr.hoophub.hoophubAPI.HoophubApiApplicationTests" time="0.322">
    <system-out><![CDATA[13:16:44.799 [main] INFO org.springframework.test.context.support.AnnotationConfigContextLoaderUtils -- Could not detect default configuration classes for test class [fr.hoophub.hoophubAPI.HoophubApiApplicationTests]: HoophubApiApplicationTests does not declare any static, non-private, non-final, nested classes annotated with @Configuration.
13:16:44.832 [main] INFO org.springframework.boot.test.context.SpringBootTestContextBootstrapper -- Found @SpringBootConfiguration fr.hoophub.hoophubAPI.HoophubApiApplication for test class fr.hoophub.hoophubAPI.HoophubApiApplicationTests

  .   ____          _            __ _ _
 /\\ / ___'_ __ _ _(_)_ __  __ _ \ \ \ \
( ( )\___ | '_ | '_| | '_ \/ _` | \ \ \ \
 \\/  ___)| |_)| | | | | || (_| |  ) ) ) )
  '  |____| .__|_| |_|_| |_\__, | / / / /
 =========|_|==============|___/=/_/_/_/

 :: Spring Boot ::                (v3.5.3)

2025-07-04T13:16:44.976+02:00  INFO 6390 --- [HoopHubApi] [           main] f.h.h.HoophubApiApplicationTests         : Starting HoophubApiApplicationTests using Java 21.0.7 with PID 6390 (started by ugo-bertrand in /Users/ugo-bertrand/IdeaProjects/HoopHubRebornAPI)
2025-07-04T13:16:44.977+02:00 DEBUG 6390 --- [HoopHubApi] [           main] f.h.h.HoophubApiApplicationTests         : Running with Spring Boot v3.5.3, Spring v6.2.8
2025-07-04T13:16:44.977+02:00  INFO 6390 --- [HoopHubApi] [           main] f.h.h.HoophubApiApplicationTests         : The following 1 profile is active: "test"
2025-07-04T13:16:44.977+02:00 DEBUG 6390 --- [HoopHubApi] [           main] o.s.boot.SpringApplication               : Loading source class fr.hoophub.hoophubAPI.HoophubApiApplication
2025-07-04T13:16:44.986+02:00 DEBUG 6390 --- [HoopHubApi] [           main] o.s.w.c.s.GenericWebApplicationContext   : Refreshing org.springframework.web.context.support.GenericWebApplicationContext@17d238b1
2025-07-04T13:16:44.992+02:00 DEBUG 6390 --- [HoopHubApi] [           main] o.s.b.f.s.DefaultListableBeanFactory     : Creating shared instance of singleton bean 'org.springframework.context.annotation.internalConfigurationAnnotationProcessor'
2025-07-04T13:16:44.997+02:00 DEBUG 6390 --- [HoopHubApi] [           main] o.s.b.f.s.DefaultListableBeanFactory     : Creating shared instance of singleton bean 'org.springframework.boot.autoconfigure.internalCachingMetadataReaderFactory'
2025-07-04T13:16:45.176+02:00  INFO 6390 --- [HoopHubApi] [           main] .s.d.r.c.RepositoryConfigurationDelegate : Bootstrapping Spring Data JDBC repositories in DEFAULT mode.
2025-07-04T13:16:45.178+02:00 DEBUG 6390 --- [HoopHubApi] [           main] o.s.b.f.s.DefaultListableBeanFactory     : Creating shared instance of singleton bean 'org.springframework.boot.autoconfigure.AutoConfigurationPackages'
2025-07-04T13:16:45.180+02:00 DEBUG 6390 --- [HoopHubApi] [           main] o.s.b.a.AutoConfigurationPackages        : @EnableAutoConfiguration was declared on a class in the package 'fr.hoophub.hoophubAPI'. Automatic @Repository and @Entity scanning is enabled.
2025-07-04T13:16:45.181+02:00 DEBUG 6390 --- [HoopHubApi] [           main] .s.d.r.c.RepositoryConfigurationDelegate : Scanning for JDBC repositories in packages fr.hoophub.hoophubAPI.
2025-07-04T13:16:45.182+02:00  INFO 6390 --- [HoopHubApi] [           main] .s.d.r.c.RepositoryConfigurationDelegate : Finished Spring Data repository scanning in 1 ms. Found 0 JDBC repository interfaces.
2025-07-04T13:16:45.222+02:00 DEBUG 6390 --- [HoopHubApi] [           main] o.s.b.f.s.DefaultListableBeanFactory     : Creating shared instance of singleton bean 'springSecurityPathPatternParserBeanDefinitionRegistryPostProcessor'
2025-07-04T13:16:45.223+02:00 DEBUG 6390 --- [HoopHubApi] [           main] o.s.b.f.s.DefaultListableBeanFactory     : Creating shared instance of singleton bean 'springSecurityHandlerMappingIntrospectorBeanDefinitionRegistryPostProcessor'
2025-07-04T13:16:45.225+02:00 DEBUG 6390 --- [HoopHubApi] [           main] o.s.b.f.s.DefaultListableBeanFactory     : Creating shared instance of singleton bean 'propertySourcesPlaceholderConfigurer'
2025-07-04T13:16:45.230+02:00 DEBUG 6390 --- [HoopHubApi] [           main] o.s.b.f.s.DefaultListableBeanFactory     : Creating shared instance of singleton bean 'org.springframework.boot.test.mock.mockito.MockitoPostProcessor'
2025-07-04T13:16:45.231+02:00 DEBUG 6390 --- [HoopHubApi] [           main] o.s.b.f.s.DefaultListableBeanFactory     : Creating shared instance of singleton bean 'org.springframework.boot.sql.init.dependency.DatabaseInitializationDependencyConfigurer$DependsOnDatabaseInitializationPostProcessor'
2025-07-04T13:16:45.244+02:00 DEBUG 6390 --- [HoopHubApi] [           main] o.s.b.f.s.DefaultListableBeanFactory     : Creating shared instance of singleton bean 'org.springframework.context.event.internalEventListenerProcessor'
2025-07-04T13:16:45.245+02:00 DEBUG 6390 --- [HoopHubApi] [           main] o.s.b.f.s.DefaultListableBeanFactory     : Creating shared instance of singleton bean 'bootstrapExecutorAliasPostProcessor'
2025-07-04T13:16:45.245+02:00 DEBUG 6390 --- [HoopHubApi] [           main] o.s.b.f.s.DefaultListableBeanFactory     : Creating shared instance of singleton bean 'preserveErrorControllerTargetClassPostProcessor'
2025-07-04T13:16:45.245+02:00 DEBUG 6390 --- [HoopHubApi] [           main] o.s.b.f.s.DefaultListableBeanFactory     : Creating shared instance of singleton bean 'forceAutoProxyCreatorToUseClassProxying'
2025-07-04T13:16:45.245+02:00 DEBUG 6390 --- [HoopHubApi] [           main] o.s.b.f.s.DefaultListableBeanFactory     : Creating shared instance of singleton bean 'conversionServicePostProcessor'
2025-07-04T13:16:45.248+02:00 DEBUG 6390 --- [HoopHubApi] [           main] o.s.b.f.s.DefaultListableBeanFactory     : Creating shared instance of singleton bean 'org.springframework.context.event.internalEventListenerFactory'
2025-07-04T13:16:45.248+02:00 DEBUG 6390 --- [HoopHubApi] [           main] o.s.b.f.s.DefaultListableBeanFactory     : Creating shared instance of singleton bean 'org.springframework.transaction.config.internalTransactionalEventListenerFactory'
2025-07-04T13:16:45.249+02:00 DEBUG 6390 --- [HoopHubApi] [           main] o.s.b.f.s.DefaultListableBeanFactory     : Creating shared instance of singleton bean 'org.springframework.boot.test.mock.mockito.MockitoPostProcessor$SpyPostProcessor'
2025-07-04T13:16:45.250+02:00 DEBUG 6390 --- [HoopHubApi] [           main] o.s.b.f.s.DefaultListableBeanFactory     : Creating shared instance of singleton bean 'org.springframework.context.annotation.internalAutowiredAnnotationProcessor'
2025-07-04T13:16:45.250+02:00 DEBUG 6390 --- [HoopHubApi] [           main] o.s.b.f.s.DefaultListableBeanFactory     : Creating shared instance of singleton bean 'org.springframework.context.annotation.internalCommonAnnotationProcessor'
2025-07-04T13:16:45.251+02:00 DEBUG 6390 --- [HoopHubApi] [           main] o.s.b.f.s.DefaultListableBeanFactory     : Creating shared instance of singleton bean 'org.springframework.boot.context.properties.ConfigurationPropertiesBindingPostProcessor'
2025-07-04T13:16:45.251+02:00 DEBUG 6390 --- [HoopHubApi] [           main] o.s.b.f.s.DefaultListableBeanFactory     : Creating shared instance of singleton bean 'org.springframework.boot.context.internalConfigurationPropertiesBinder'
2025-07-04T13:16:45.252+02:00 DEBUG 6390 --- [HoopHubApi] [           main] o.s.b.f.s.DefaultListableBeanFactory     : Creating shared instance of singleton bean 'jdbcConnectionDetailsHikariBeanPostProcessor'
2025-07-04T13:16:45.253+02:00 DEBUG 6390 --- [HoopHubApi] [           main] o.s.b.f.s.DefaultListableBeanFactory     : Creating shared instance of singleton bean 'persistenceExceptionTranslationPostProcessor'
2025-07-04T13:16:45.253+02:00 DEBUG 6390 --- [HoopHubApi] [           main] o.s.b.f.s.DefaultListableBeanFactory     : Autowiring by type from bean name 'persistenceExceptionTranslationPostProcessor' via factory method to bean named 'environment'
2025-07-04T13:16:45.255+02:00 DEBUG 6390 --- [HoopHubApi] [           main] o.s.b.f.s.DefaultListableBeanFactory     : Creating shared instance of singleton bean 'org.springframework.aop.config.internalAutoProxyCreator'
2025-07-04T13:16:45.258+02:00 DEBUG 6390 --- [HoopHubApi] [           main] o.s.b.f.s.DefaultListableBeanFactory     : Creating shared instance of singleton bean 'webServerFactoryCustomizerBeanPostProcessor'
2025-07-04T13:16:45.259+02:00 DEBUG 6390 --- [HoopHubApi] [           main] o.s.b.f.s.DefaultListableBeanFactory     : Creating shared instance of singleton bean 'errorPageRegistrarBeanPostProcessor'
2025-07-04T13:16:45.259+02:00 DEBUG 6390 --- [HoopHubApi] [           main] o.s.b.f.s.DefaultListableBeanFactory     : Creating shared instance of singleton bean 'projectingArgumentResolverBeanPostProcessor'
2025-07-04T13:16:45.264+02:00 DEBUG 6390 --- [HoopHubApi] [           main] o.s.b.f.s.DefaultListableBeanFactory     : Creating shared instance of singleton bean 'org.springframework.transaction.config.internalTransactionAdvisor'
2025-07-04T13:16:45.264+02:00 DEBUG 6390 --- [HoopHubApi] [           main] o.s.b.f.s.DefaultListableBeanFactory     : Creating shared instance of singleton bean 'org.springframework.transaction.annotation.ProxyTransactionManagementConfiguration'
2025-07-04T13:16:45.266+02:00 DEBUG 6390 --- [HoopHubApi] [           main] o.s.b.f.s.DefaultListableBeanFactory     : Creating shared instance of singleton bean 'transactionAttributeSource'
2025-07-04T13:16:45.267+02:00 DEBUG 6390 --- [HoopHubApi] [           main] o.s.b.f.s.DefaultListableBeanFactory     : Creating shared instance of singleton bean 'transactionInterceptor'
2025-07-04T13:16:45.267+02:00 DEBUG 6390 --- [HoopHubApi] [           main] o.s.b.f.s.DefaultListableBeanFactory     : Autowiring by type from bean name 'transactionInterceptor' via factory method to bean named 'transactionAttributeSource'
2025-07-04T13:16:45.268+02:00 DEBUG 6390 --- [HoopHubApi] [           main] o.s.b.f.s.DefaultListableBeanFactory     : Autowiring by type from bean name 'org.springframework.transaction.config.internalTransactionAdvisor' via factory method to bean named 'transactionAttributeSource'
2025-07-04T13:16:45.268+02:00 DEBUG 6390 --- [HoopHubApi] [           main] o.s.b.f.s.DefaultListableBeanFactory     : Autowiring by type from bean name 'org.springframework.transaction.config.internalTransactionAdvisor' via factory method to bean named 'transactionInterceptor'
2025-07-04T13:16:45.271+02:00 DEBUG 6390 --- [HoopHubApi] [           main] o.s.u.c.s.UiApplicationContextUtils      : Unable to locate ThemeSource with name 'themeSource': using default [org.springframework.ui.context.support.ResourceBundleThemeSource@1d8b0500]
2025-07-04T13:16:45.271+02:00 DEBUG 6390 --- [HoopHubApi] [           main] o.s.b.f.s.DefaultListableBeanFactory     : Creating shared instance of singleton bean 'applicationTaskExecutor'
2025-07-04T13:16:45.271+02:00 DEBUG 6390 --- [HoopHubApi] [           main] o.s.b.f.s.DefaultListableBeanFactory     : Creating shared instance of singleton bean 'org.springframework.boot.autoconfigure.task.TaskExecutorConfigurations$TaskExecutorConfiguration'
2025-07-04T13:16:45.273+02:00 DEBUG 6390 --- [HoopHubApi] [           main] o.s.b.f.s.DefaultListableBeanFactory     : Creating shared instance of singleton bean 'threadPoolTaskExecutorBuilder'
2025-07-04T13:16:45.273+02:00 DEBUG 6390 --- [HoopHubApi] [           main] o.s.b.f.s.DefaultListableBeanFactory     : Creating shared instance of singleton bean 'org.springframework.boot.autoconfigure.task.TaskExecutorConfigurations$ThreadPoolTaskExecutorBuilderConfiguration'
2025-07-04T13:16:45.274+02:00 DEBUG 6390 --- [HoopHubApi] [           main] o.s.b.f.s.DefaultListableBeanFactory     : Creating shared instance of singleton bean 'spring.task.execution-org.springframework.boot.autoconfigure.task.TaskExecutionProperties'
2025-07-04T13:16:45.275+02:00 DEBUG 6390 --- [HoopHubApi] [           main] o.s.b.f.s.DefaultListableBeanFactory     : Creating shared instance of singleton bean 'org.springframework.boot.context.properties.BoundConfigurationProperties'
2025-07-04T13:16:45.278+02:00 DEBUG 6390 --- [HoopHubApi] [           main] o.s.b.f.s.DefaultListableBeanFactory     : Autowiring by type from bean name 'threadPoolTaskExecutorBuilder' via factory method to bean named 'spring.task.execution-org.springframework.boot.autoconfigure.task.TaskExecutionProperties'
2025-07-04T13:16:45.280+02:00 DEBUG 6390 --- [HoopHubApi] [           main] o.s.b.f.s.DefaultListableBeanFactory     : Autowiring by type from bean name 'applicationTaskExecutor' via factory method to bean named 'threadPoolTaskExecutorBuilder'
2025-07-04T13:16:45.284+02:00 DEBUG 6390 --- [HoopHubApi] [           main] o.s.s.concurrent.ThreadPoolTaskExecutor  : Initializing ExecutorService 'applicationTaskExecutor'
2025-07-04T13:16:45.286+02:00 DEBUG 6390 --- [HoopHubApi] [           main] o.s.b.f.s.DefaultListableBeanFactory     : Creating shared instance of singleton bean 'org.springframework.test.context.support.internalDynamicPropertyRegistrarBeanInitializer'
2025-07-04T13:16:45.287+02:00 DEBUG 6390 --- [HoopHubApi] [           main] o.s.b.f.s.DefaultListableBeanFactory     : Creating shared instance of singleton bean 'hoophubApiApplication'
2025-07-04T13:16:45.288+02:00 DEBUG 6390 --- [HoopHubApi] [           main] o.s.b.f.s.DefaultListableBeanFactory     : Creating shared instance of singleton bean 'org.springframework.boot.autoconfigure.context.PropertyPlaceholderAutoConfiguration'
2025-07-04T13:16:45.288+02:00 DEBUG 6390 --- [HoopHubApi] [           main] o.s.b.f.s.DefaultListableBeanFactory     : Creating shared instance of singleton bean 'org.springframework.boot.autoconfigure.ssl.SslAutoConfiguration'
2025-07-04T13:16:45.289+02:00 DEBUG 6390 --- [HoopHubApi] [           main] o.s.b.f.s.DefaultListableBeanFactory     : Creating shared instance of singleton bean 'spring.ssl-org.springframework.boot.autoconfigure.ssl.SslProperties'
2025-07-04T13:16:45.290+02:00 DEBUG 6390 --- [HoopHubApi] [           main] o.s.b.f.s.DefaultListableBeanFactory     : Autowiring by type from bean name 'org.springframework.boot.autoconfigure.ssl.SslAutoConfiguration' via constructor to bean named 'org.springframework.web.context.support.GenericWebApplicationContext@17d238b1'
2025-07-04T13:16:45.290+02:00 DEBUG 6390 --- [HoopHubApi] [           main] o.s.b.f.s.DefaultListableBeanFactory     : Autowiring by type from bean name 'org.springframework.boot.autoconfigure.ssl.SslAutoConfiguration' via constructor to bean named 'spring.ssl-org.springframework.boot.autoconfigure.ssl.SslProperties'
2025-07-04T13:16:45.291+02:00 DEBUG 6390 --- [HoopHubApi] [           main] o.s.b.f.s.DefaultListableBeanFactory     : Creating shared instance of singleton bean 'fileWatcher'
2025-07-04T13:16:45.291+02:00 DEBUG 6390 --- [HoopHubApi] [           main] o.s.b.f.s.DefaultListableBeanFactory     : Creating shared instance of singleton bean 'sslPropertiesSslBundleRegistrar'
2025-07-04T13:16:45.292+02:00 DEBUG 6390 --- [HoopHubApi] [           main] o.s.b.f.s.DefaultListableBeanFactory     : Autowiring by type from bean name 'sslPropertiesSslBundleRegistrar' via factory method to bean named 'fileWatcher'
2025-07-04T13:16:45.292+02:00 DEBUG 6390 --- [HoopHubApi] [           main] o.s.b.f.s.DefaultListableBeanFactory     : Creating shared instance of singleton bean 'sslBundleRegistry'
2025-07-04T13:16:45.295+02:00 DEBUG 6390 --- [HoopHubApi] [           main] o.s.b.f.s.DefaultListableBeanFactory     : Creating shared instance of singleton bean 'org.springframework.boot.context.properties.EnableConfigurationPropertiesRegistrar.methodValidationExcludeFilter'
2025-07-04T13:16:45.296+02:00 DEBUG 6390 --- [HoopHubApi] [           main] o.s.b.f.s.DefaultListableBeanFactory     : Creating shared instance of singleton bean 'org.springframework.boot.autoconfigure.websocket.servlet.WebSocketServletAutoConfiguration$TomcatWebSocketConfiguration'
2025-07-04T13:16:45.296+02:00 DEBUG 6390 --- [HoopHubApi] [           main] o.s.b.f.s.DefaultListableBeanFactory     : Creating shared instance of singleton bean 'websocketServletWebServerCustomizer'
2025-07-04T13:16:45.298+02:00 DEBUG 6390 --- [HoopHubApi] [           main] o.s.b.f.s.DefaultListableBeanFactory     : Creating shared instance of singleton bean 'org.springframework.boot.autoconfigure.websocket.servlet.WebSocketServletAutoConfiguration'
2025-07-04T13:16:45.298+02:00 DEBUG 6390 --- [HoopHubApi] [           main] o.s.b.f.s.DefaultListableBeanFactory     : Creating shared instance of singleton bean 'org.springframework.boot.autoconfigure.web.servlet.ServletWebServerFactoryConfiguration$EmbeddedTomcat'
2025-07-04T13:16:45.298+02:00 DEBUG 6390 --- [HoopHubApi] [           main] o.s.b.f.s.DefaultListableBeanFactory     : Creating shared instance of singleton bean 'tomcatServletWebServerFactory'
2025-07-04T13:16:45.308+02:00 DEBUG 6390 --- [HoopHubApi] [           main] o.s.b.f.s.DefaultListableBeanFactory     : Creating shared instance of singleton bean 'servletWebServerFactoryCustomizer'
2025-07-04T13:16:45.308+02:00 DEBUG 6390 --- [HoopHubApi] [           main] o.s.b.f.s.DefaultListableBeanFactory     : Creating shared instance of singleton bean 'org.springframework.boot.autoconfigure.web.servlet.ServletWebServerFactoryAutoConfiguration'
2025-07-04T13:16:45.308+02:00 DEBUG 6390 --- [HoopHubApi] [           main] o.s.b.f.s.DefaultListableBeanFactory     : Creating shared instance of singleton bean 'server-org.springframework.boot.autoconfigure.web.ServerProperties'
2025-07-04T13:16:45.313+02:00 DEBUG 6390 --- [HoopHubApi] [           main] o.s.b.f.s.DefaultListableBeanFactory     : Autowiring by type from bean name 'servletWebServerFactoryCustomizer' via factory method to bean named 'server-org.springframework.boot.autoconfigure.web.ServerProperties'
2025-07-04T13:16:45.315+02:00 DEBUG 6390 --- [HoopHubApi] [           main] o.s.b.f.s.DefaultListableBeanFactory     : Creating shared instance of singleton bean 'tomcatServletWebServerFactoryCustomizer'
2025-07-04T13:16:45.315+02:00 DEBUG 6390 --- [HoopHubApi] [           main] o.s.b.f.s.DefaultListableBeanFactory     : Autowiring by type from bean name 'tomcatServletWebServerFactoryCustomizer' via factory method to bean named 'server-org.springframework.boot.autoconfigure.web.ServerProperties'
2025-07-04T13:16:45.316+02:00 DEBUG 6390 --- [HoopHubApi] [           main] o.s.b.f.s.DefaultListableBeanFactory     : Creating shared instance of singleton bean 'localeCharsetMappingsCustomizer'
2025-07-04T13:16:45.316+02:00 DEBUG 6390 --- [HoopHubApi] [           main] o.s.b.f.s.DefaultListableBeanFactory     : Creating shared instance of singleton bean 'org.springframework.boot.autoconfigure.web.servlet.HttpEncodingAutoConfiguration'
2025-07-04T13:16:45.316+02:00 DEBUG 6390 --- [HoopHubApi] [           main] o.s.b.f.s.DefaultListableBeanFactory     : Autowiring by type from bean name 'org.springframework.boot.autoconfigure.web.servlet.HttpEncodingAutoConfiguration' via constructor to bean named 'server-org.springframework.boot.autoconfigure.web.ServerProperties'
2025-07-04T13:16:45.320+02:00 DEBUG 6390 --- [HoopHubApi] [           main] o.s.b.f.s.DefaultListableBeanFactory     : Creating shared instance of singleton bean 'errorPageCustomizer'
2025-07-04T13:16:45.320+02:00 DEBUG 6390 --- [HoopHubApi] [           main] o.s.b.f.s.DefaultListableBeanFactory     : Creating shared instance of singleton bean 'org.springframework.boot.autoconfigure.web.servlet.error.ErrorMvcAutoConfiguration'
2025-07-04T13:16:45.320+02:00 DEBUG 6390 --- [HoopHubApi] [           main] o.s.b.f.s.DefaultListableBeanFactory     : Autowiring by type from bean name 'org.springframework.boot.autoconfigure.web.servlet.error.ErrorMvcAutoConfiguration' via constructor to bean named 'server-org.springframework.boot.autoconfigure.web.ServerProperties'
2025-07-04T13:16:45.321+02:00 DEBUG 6390 --- [HoopHubApi] [           main] o.s.b.f.s.DefaultListableBeanFactory     : Creating shared instance of singleton bean 'dispatcherServletRegistration'
2025-07-04T13:16:45.321+02:00 DEBUG 6390 --- [HoopHubApi] [           main] o.s.b.f.s.DefaultListableBeanFactory     : Creating shared instance of singleton bean 'org.springframework.boot.autoconfigure.web.servlet.DispatcherServletAutoConfiguration$DispatcherServletRegistrationConfiguration'
2025-07-04T13:16:45.321+02:00 DEBUG 6390 --- [HoopHubApi] [           main] o.s.b.f.s.DefaultListableBeanFactory     : Creating shared instance of singleton bean 'dispatcherServlet'
2025-07-04T13:16:45.321+02:00 DEBUG 6390 --- [HoopHubApi] [           main] o.s.b.f.s.DefaultListableBeanFactory     : Creating shared instance of singleton bean 'org.springframework.boot.autoconfigure.web.servlet.DispatcherServletAutoConfiguration$DispatcherServletConfiguration'
2025-07-04T13:16:45.322+02:00 DEBUG 6390 --- [HoopHubApi] [           main] o.s.b.f.s.DefaultListableBeanFactory     : Creating shared instance of singleton bean 'spring.mvc-org.springframework.boot.autoconfigure.web.servlet.WebMvcProperties'
2025-07-04T13:16:45.323+02:00 DEBUG 6390 --- [HoopHubApi] [           main] o.s.b.f.s.DefaultListableBeanFactory     : Autowiring by type from bean name 'dispatcherServlet' via factory method to bean named 'spring.mvc-org.springframework.boot.autoconfigure.web.servlet.WebMvcProperties'
2025-07-04T13:16:45.335+02:00 DEBUG 6390 --- [HoopHubApi] [           main] o.s.b.f.s.DefaultListableBeanFactory     : Autowiring by type from bean name 'dispatcherServletRegistration' via factory method to bean named 'dispatcherServlet'
2025-07-04T13:16:45.335+02:00 DEBUG 6390 --- [HoopHubApi] [           main] o.s.b.f.s.DefaultListableBeanFactory     : Autowiring by type from bean name 'dispatcherServletRegistration' via factory method to bean named 'spring.mvc-org.springframework.boot.autoconfigure.web.servlet.WebMvcProperties'
2025-07-04T13:16:45.336+02:00 DEBUG 6390 --- [HoopHubApi] [           main] o.s.b.f.s.DefaultListableBeanFactory     : Creating shared instance of singleton bean 'multipartConfigElement'
2025-07-04T13:16:45.336+02:00 DEBUG 6390 --- [HoopHubApi] [           main] o.s.b.f.s.DefaultListableBeanFactory     : Creating shared instance of singleton bean 'org.springframework.boot.autoconfigure.web.servlet.MultipartAutoConfiguration'
2025-07-04T13:16:45.336+02:00 DEBUG 6390 --- [HoopHubApi] [           main] o.s.b.f.s.DefaultListableBeanFactory     : Creating shared instance of singleton bean 'spring.servlet.multipart-org.springframework.boot.autoconfigure.web.servlet.MultipartProperties'
2025-07-04T13:16:45.337+02:00 DEBUG 6390 --- [HoopHubApi] [           main] o.s.b.f.s.DefaultListableBeanFactory     : Autowiring by type from bean name 'org.springframework.boot.autoconfigure.web.servlet.MultipartAutoConfiguration' via constructor to bean named 'spring.servlet.multipart-org.springframework.boot.autoconfigure.web.servlet.MultipartProperties'
2025-07-04T13:16:45.340+02:00 DEBUG 6390 --- [HoopHubApi] [           main] o.s.b.f.s.DefaultListableBeanFactory     : Autowiring by type from bean name 'errorPageCustomizer' via factory method to bean named 'dispatcherServletRegistration'
2025-07-04T13:16:45.342+02:00 DEBUG 6390 --- [HoopHubApi] [           main] o.s.b.f.s.DefaultListableBeanFactory     : Creating shared instance of singleton bean 'org.springframework.boot.autoconfigure.web.servlet.DispatcherServletAutoConfiguration'
2025-07-04T13:16:45.342+02:00 DEBUG 6390 --- [HoopHubApi] [           main] o.s.b.f.s.DefaultListableBeanFactory     : Creating shared instance of singleton bean 'org.springframework.boot.autoconfigure.task.TaskExecutorConfigurations$SimpleAsyncTaskExecutorBuilderConfiguration'
2025-07-04T13:16:45.342+02:00 DEBUG 6390 --- [HoopHubApi] [           main] o.s.b.f.s.DefaultListableBeanFactory     : Autowiring by type from bean name 'org.springframework.boot.autoconfigure.task.TaskExecutorConfigurations$SimpleAsyncTaskExecutorBuilderConfiguration' via constructor to bean named 'spring.task.execution-org.springframework.boot.autoconfigure.task.TaskExecutionProperties'
2025-07-04T13:16:45.343+02:00 DEBUG 6390 --- [HoopHubApi] [           main] o.s.b.f.s.DefaultListableBeanFactory     : Creating shared instance of singleton bean 'simpleAsyncTaskExecutorBuilder'
2025-07-04T13:16:45.344+02:00 DEBUG 6390 --- [HoopHubApi] [           main] o.s.b.f.s.DefaultListableBeanFactory     : Creating shared instance of singleton bean 'org.springframework.boot.autoconfigure.task.TaskExecutorConfigurations$AsyncConfigurerConfiguration'
2025-07-04T13:16:45.344+02:00 DEBUG 6390 --- [HoopHubApi] [           main] o.s.b.f.s.DefaultListableBeanFactory     : Creating shared instance of singleton bean 'applicationTaskExecutorAsyncConfigurer'
2025-07-04T13:16:45.344+02:00 DEBUG 6390 --- [HoopHubApi] [           main] o.s.b.f.s.DefaultListableBeanFactory     : Autowiring by type from bean name 'applicationTaskExecutorAsyncConfigurer' via factory method to bean named 'org.springframework.beans.factory.support.DefaultListableBeanFactory@77a281fc'
2025-07-04T13:16:45.345+02:00 DEBUG 6390 --- [HoopHubApi] [           main] o.s.b.f.s.DefaultListableBeanFactory     : Creating shared instance of singleton bean 'org.springframework.boot.autoconfigure.task.TaskExecutorConfigurations$BootstrapExecutorConfiguration'
2025-07-04T13:16:45.345+02:00 DEBUG 6390 --- [HoopHubApi] [           main] o.s.b.f.s.DefaultListableBeanFactory     : Creating shared instance of singleton bean 'org.springframework.boot.autoconfigure.task.TaskExecutionAutoConfiguration'
2025-07-04T13:16:45.345+02:00 DEBUG 6390 --- [HoopHubApi] [           main] o.s.b.f.s.DefaultListableBeanFactory     : Creating shared instance of singleton bean 'org.springframework.boot.autoconfigure.web.servlet.error.ErrorMvcAutoConfiguration$WhitelabelErrorViewConfiguration'
2025-07-04T13:16:45.345+02:00 DEBUG 6390 --- [HoopHubApi] [           main] o.s.b.f.s.DefaultListableBeanFactory     : Creating shared instance of singleton bean 'error'
2025-07-04T13:16:45.345+02:00 DEBUG 6390 --- [HoopHubApi] [           main] o.s.b.f.s.DefaultListableBeanFactory     : Creating shared instance of singleton bean 'beanNameViewResolver'
2025-07-04T13:16:45.346+02:00 DEBUG 6390 --- [HoopHubApi] [           main] o.s.b.f.s.DefaultListableBeanFactory     : Creating shared instance of singleton bean 'org.springframework.boot.autoconfigure.web.servlet.error.ErrorMvcAutoConfiguration$DefaultErrorViewResolverConfiguration'
2025-07-04T13:16:45.347+02:00 DEBUG 6390 --- [HoopHubApi] [           main] o.s.b.f.s.DefaultListableBeanFactory     : Creating shared instance of singleton bean 'spring.web-org.springframework.boot.autoconfigure.web.WebProperties'
2025-07-04T13:16:45.348+02:00 DEBUG 6390 --- [HoopHubApi] [           main] o.s.b.f.s.DefaultListableBeanFactory     : Autowiring by type from bean name 'org.springframework.boot.autoconfigure.web.servlet.error.ErrorMvcAutoConfiguration$DefaultErrorViewResolverConfiguration' via constructor to bean named 'org.springframework.web.context.support.GenericWebApplicationContext@17d238b1'
2025-07-04T13:16:45.349+02:00 DEBUG 6390 --- [HoopHubApi] [           main] o.s.b.f.s.DefaultListableBeanFactory     : Autowiring by type from bean name 'org.springframework.boot.autoconfigure.web.servlet.error.ErrorMvcAutoConfiguration$DefaultErrorViewResolverConfiguration' via constructor to bean named 'spring.web-org.springframework.boot.autoconfigure.web.WebProperties'
2025-07-04T13:16:45.349+02:00 DEBUG 6390 --- [HoopHubApi] [           main] o.s.b.f.s.DefaultListableBeanFactory     : Creating shared instance of singleton bean 'conventionErrorViewResolver'
2025-07-04T13:16:45.350+02:00 DEBUG 6390 --- [HoopHubApi] [           main] o.s.b.f.s.DefaultListableBeanFactory     : Creating shared instance of singleton bean 'errorAttributes'
2025-07-04T13:16:45.351+02:00 DEBUG 6390 --- [HoopHubApi] [           main] o.s.b.f.s.DefaultListableBeanFactory     : Creating shared instance of singleton bean 'basicErrorController'
2025-07-04T13:16:45.351+02:00 DEBUG 6390 --- [HoopHubApi] [           main] o.s.b.f.s.DefaultListableBeanFactory     : Autowiring by type from bean name 'basicErrorController' via factory method to bean named 'errorAttributes'
2025-07-04T13:16:45.353+02:00 DEBUG 6390 --- [HoopHubApi] [           main] o.s.b.f.s.DefaultListableBeanFactory     : Creating shared instance of singleton bean 'org.springframework.boot.autoconfigure.web.servlet.WebMvcAutoConfiguration$EnableWebMvcConfiguration'
2025-07-04T13:16:45.353+02:00 DEBUG 6390 --- [HoopHubApi] [           main] o.s.b.f.s.DefaultListableBeanFactory     : Autowiring by type from bean name 'org.springframework.boot.autoconfigure.web.servlet.WebMvcAutoConfiguration$EnableWebMvcConfiguration' via constructor to bean named 'spring.mvc-org.springframework.boot.autoconfigure.web.servlet.WebMvcProperties'
2025-07-04T13:16:45.353+02:00 DEBUG 6390 --- [HoopHubApi] [           main] o.s.b.f.s.DefaultListableBeanFactory     : Autowiring by type from bean name 'org.springframework.boot.autoconfigure.web.servlet.WebMvcAutoConfiguration$EnableWebMvcConfiguration' via constructor to bean named 'spring.web-org.springframework.boot.autoconfigure.web.WebProperties'
2025-07-04T13:16:45.353+02:00 DEBUG 6390 --- [HoopHubApi] [           main] o.s.b.f.s.DefaultListableBeanFactory     : Autowiring by type from bean name 'org.springframework.boot.autoconfigure.web.servlet.WebMvcAutoConfiguration$EnableWebMvcConfiguration' via constructor to bean named 'org.springframework.beans.factory.support.DefaultListableBeanFactory@77a281fc'
2025-07-04T13:16:45.355+02:00 DEBUG 6390 --- [HoopHubApi] [           main] o.s.b.f.s.DefaultListableBeanFactory     : Creating shared instance of singleton bean 'org.springframework.boot.autoconfigure.web.servlet.WebMvcAutoConfiguration$WebMvcAutoConfigurationAdapter'
2025-07-04T13:16:45.356+02:00 DEBUG 6390 --- [HoopHubApi] [           main] o.s.b.f.s.DefaultListableBeanFactory     : Autowiring by type from bean name 'org.springframework.boot.autoconfigure.web.servlet.WebMvcAutoConfiguration$WebMvcAutoConfigurationAdapter' via constructor to bean named 'spring.web-org.springframework.boot.autoconfigure.web.WebProperties'
2025-07-04T13:16:45.356+02:00 DEBUG 6390 --- [HoopHubApi] [           main] o.s.b.f.s.DefaultListableBeanFactory     : Autowiring by type from bean name 'org.springframework.boot.autoconfigure.web.servlet.WebMvcAutoConfiguration$WebMvcAutoConfigurationAdapter' via constructor to bean named 'spring.mvc-org.springframework.boot.autoconfigure.web.servlet.WebMvcProperties'
2025-07-04T13:16:45.356+02:00 DEBUG 6390 --- [HoopHubApi] [           main] o.s.b.f.s.DefaultListableBeanFactory     : Autowiring by type from bean name 'org.springframework.boot.autoconfigure.web.servlet.WebMvcAutoConfiguration$WebMvcAutoConfigurationAdapter' via constructor to bean named 'org.springframework.beans.factory.support.DefaultListableBeanFactory@77a281fc'
2025-07-04T13:16:45.357+02:00 DEBUG 6390 --- [HoopHubApi] [           main] o.s.b.f.s.DefaultListableBeanFactory     : Creating shared instance of singleton bean 'org.springframework.data.web.config.SpringDataWebConfiguration'
2025-07-04T13:16:45.357+02:00 DEBUG 6390 --- [HoopHubApi] [           main] o.s.b.f.s.DefaultListableBeanFactory     : Autowiring by type from bean name 'org.springframework.data.web.config.SpringDataWebConfiguration' via constructor to bean named 'org.springframework.web.context.support.GenericWebApplicationContext@17d238b1'
2025-07-04T13:16:45.358+02:00 DEBUG 6390 --- [HoopHubApi] [           main] o.s.b.f.s.DefaultListableBeanFactory     : Creating shared instance of singleton bean 'org.springframework.security.config.annotation.web.configuration.WebMvcSecurityConfiguration'
2025-07-04T13:16:45.361+02:00 DEBUG 6390 --- [HoopHubApi] [           main] o.s.b.f.s.DefaultListableBeanFactory     : Creating shared instance of singleton bean 'welcomePageHandlerMapping'
2025-07-04T13:16:45.361+02:00 DEBUG 6390 --- [HoopHubApi] [           main] o.s.b.f.s.DefaultListableBeanFactory     : Creating shared instance of singleton bean 'mvcConversionService'
2025-07-04T13:16:45.367+02:00 DEBUG 6390 --- [HoopHubApi] [           main] o.s.b.f.s.DefaultListableBeanFactory     : Creating shared instance of singleton bean 'mvcResourceUrlProvider'
2025-07-04T13:16:45.368+02:00 DEBUG 6390 --- [HoopHubApi] [           main] o.s.b.f.s.DefaultListableBeanFactory     : Autowiring by type from bean name 'welcomePageHandlerMapping' via factory method to bean named 'org.springframework.web.context.support.GenericWebApplicationContext@17d238b1'
2025-07-04T13:16:45.368+02:00 DEBUG 6390 --- [HoopHubApi] [           main] o.s.b.f.s.DefaultListableBeanFactory     : Autowiring by type from bean name 'welcomePageHandlerMapping' via factory method to bean named 'mvcConversionService'
2025-07-04T13:16:45.368+02:00 DEBUG 6390 --- [HoopHubApi] [           main] o.s.b.f.s.DefaultListableBeanFactory     : Autowiring by type from bean name 'welcomePageHandlerMapping' via factory method to bean named 'mvcResourceUrlProvider'
2025-07-04T13:16:45.373+02:00 DEBUG 6390 --- [HoopHubApi] [           main] o.s.b.f.s.DefaultListableBeanFactory     : Creating shared instance of singleton bean 'welcomePageNotAcceptableHandlerMapping'
2025-07-04T13:16:45.373+02:00 DEBUG 6390 --- [HoopHubApi] [           main] o.s.b.f.s.DefaultListableBeanFactory     : Autowiring by type from bean name 'welcomePageNotAcceptableHandlerMapping' via factory method to bean named 'org.springframework.web.context.support.GenericWebApplicationContext@17d238b1'
2025-07-04T13:16:45.373+02:00 DEBUG 6390 --- [HoopHubApi] [           main] o.s.b.f.s.DefaultListableBeanFactory     : Autowiring by type from bean name 'welcomePageNotAcceptableHandlerMapping' via factory method to bean named 'mvcConversionService'
2025-07-04T13:16:45.373+02:00 DEBUG 6390 --- [HoopHubApi] [           main] o.s.b.f.s.DefaultListableBeanFactory     : Autowiring by type from bean name 'welcomePageNotAcceptableHandlerMapping' via factory method to bean named 'mvcResourceUrlProvider'
2025-07-04T13:16:45.375+02:00 DEBUG 6390 --- [HoopHubApi] [           main] o.s.b.f.s.DefaultListableBeanFactory     : Creating shared instance of singleton bean 'localeResolver'
2025-07-04T13:16:45.376+02:00 DEBUG 6390 --- [HoopHubApi] [           main] o.s.b.f.s.DefaultListableBeanFactory     : Creating shared instance of singleton bean 'themeResolver'
2025-07-04T13:16:45.376+02:00 DEBUG 6390 --- [HoopHubApi] [           main] o.s.b.f.s.DefaultListableBeanFactory     : Creating shared instance of singleton bean 'flashMapManager'
2025-07-04T13:16:45.377+02:00 DEBUG 6390 --- [HoopHubApi] [           main] o.s.b.f.s.DefaultListableBeanFactory     : Creating shared instance of singleton bean 'viewNameTranslator'
2025-07-04T13:16:45.377+02:00 DEBUG 6390 --- [HoopHubApi] [           main] o.s.b.f.s.DefaultListableBeanFactory     : Creating shared instance of singleton bean 'mvcValidator'
2025-07-04T13:16:45.378+02:00 DEBUG 6390 --- [HoopHubApi] [           main] o.s.b.f.s.DefaultListableBeanFactory     : Creating shared instance of singleton bean 'mvcContentNegotiationManager'
2025-07-04T13:16:45.379+02:00 DEBUG 6390 --- [HoopHubApi] [           main] o.s.b.f.s.DefaultListableBeanFactory     : Creating shared instance of singleton bean 'requestMappingHandlerMapping'
2025-07-04T13:16:45.381+02:00 DEBUG 6390 --- [HoopHubApi] [           main] o.s.b.f.s.DefaultListableBeanFactory     : Autowiring by type from bean name 'requestMappingHandlerMapping' via factory method to bean named 'mvcContentNegotiationManager'
2025-07-04T13:16:45.381+02:00 DEBUG 6390 --- [HoopHubApi] [           main] o.s.b.f.s.DefaultListableBeanFactory     : Autowiring by type from bean name 'requestMappingHandlerMapping' via factory method to bean named 'mvcConversionService'
2025-07-04T13:16:45.381+02:00 DEBUG 6390 --- [HoopHubApi] [           main] o.s.b.f.s.DefaultListableBeanFactory     : Autowiring by type from bean name 'requestMappingHandlerMapping' via factory method to bean named 'mvcResourceUrlProvider'
2025-07-04T13:16:45.394+02:00 DEBUG 6390 --- [HoopHubApi] [           main] _.s.web.servlet.HandlerMapping.Mappings  : 
	o.s.b.a.w.s.e.BasicErrorController:
	{ [/error]}: error(HttpServletRequest)
	{ [/error], produces [text/html]}: errorHtml(HttpServletRequest,HttpServletResponse)
2025-07-04T13:16:45.396+02:00 DEBUG 6390 --- [HoopHubApi] [           main] s.w.s.m.m.a.RequestMappingHandlerMapping : 2 mappings in 'requestMappingHandlerMapping'
2025-07-04T13:16:45.398+02:00 DEBUG 6390 --- [HoopHubApi] [           main] o.s.b.f.s.DefaultListableBeanFactory     : Creating shared instance of singleton bean 'mvcPatternParser'
2025-07-04T13:16:45.398+02:00 DEBUG 6390 --- [HoopHubApi] [           main] o.s.b.f.s.DefaultListableBeanFactory     : Creating shared instance of singleton bean 'mvcUrlPathHelper'
2025-07-04T13:16:45.399+02:00 DEBUG 6390 --- [HoopHubApi] [           main] o.s.b.f.s.DefaultListableBeanFactory     : Creating shared instance of singleton bean 'mvcPathMatcher'
2025-07-04T13:16:45.399+02:00 DEBUG 6390 --- [HoopHubApi] [           main] o.s.b.f.s.DefaultListableBeanFactory     : Creating shared instance of singleton bean 'viewControllerHandlerMapping'
2025-07-04T13:16:45.400+02:00 DEBUG 6390 --- [HoopHubApi] [           main] o.s.b.f.s.DefaultListableBeanFactory     : Autowiring by type from bean name 'viewControllerHandlerMapping' via factory method to bean named 'mvcConversionService'
2025-07-04T13:16:45.400+02:00 DEBUG 6390 --- [HoopHubApi] [           main] o.s.b.f.s.DefaultListableBeanFactory     : Autowiring by type from bean name 'viewControllerHandlerMapping' via factory method to bean named 'mvcResourceUrlProvider'
2025-07-04T13:16:45.400+02:00 DEBUG 6390 --- [HoopHubApi] [           main] o.s.b.f.s.DefaultListableBeanFactory     : Creating shared instance of singleton bean 'beanNameHandlerMapping'
2025-07-04T13:16:45.400+02:00 DEBUG 6390 --- [HoopHubApi] [           main] o.s.b.f.s.DefaultListableBeanFactory     : Autowiring by type from bean name 'beanNameHandlerMapping' via factory method to bean named 'mvcConversionService'
2025-07-04T13:16:45.400+02:00 DEBUG 6390 --- [HoopHubApi] [           main] o.s.b.f.s.DefaultListableBeanFactory     : Autowiring by type from bean name 'beanNameHandlerMapping' via factory method to bean named 'mvcResourceUrlProvider'
2025-07-04T13:16:45.401+02:00 DEBUG 6390 --- [HoopHubApi] [           main] _.s.web.servlet.HandlerMapping.Mappings  : 'beanNameHandlerMapping' {}
2025-07-04T13:16:45.402+02:00 DEBUG 6390 --- [HoopHubApi] [           main] o.s.b.f.s.DefaultListableBeanFactory     : Creating shared instance of singleton bean 'routerFunctionMapping'
2025-07-04T13:16:45.402+02:00 DEBUG 6390 --- [HoopHubApi] [           main] o.s.b.f.s.DefaultListableBeanFactory     : Autowiring by type from bean name 'routerFunctionMapping' via factory method to bean named 'mvcConversionService'
2025-07-04T13:16:45.402+02:00 DEBUG 6390 --- [HoopHubApi] [           main] o.s.b.f.s.DefaultListableBeanFactory     : Autowiring by type from bean name 'routerFunctionMapping' via factory method to bean named 'mvcResourceUrlProvider'
2025-07-04T13:16:45.403+02:00 DEBUG 6390 --- [HoopHubApi] [           main] o.s.b.f.s.DefaultListableBeanFactory     : Creating shared instance of singleton bean 'messageConverters'
2025-07-04T13:16:45.403+02:00 DEBUG 6390 --- [HoopHubApi] [           main] o.s.b.f.s.DefaultListableBeanFactory     : Creating shared instance of singleton bean 'org.springframework.boot.autoconfigure.http.HttpMessageConvertersAutoConfiguration'
2025-07-04T13:16:45.404+02:00 DEBUG 6390 --- [HoopHubApi] [           main] o.s.b.f.s.DefaultListableBeanFactory     : Creating shared instance of singleton bean 'stringHttpMessageConverter'
2025-07-04T13:16:45.404+02:00 DEBUG 6390 --- [HoopHubApi] [           main] o.s.b.f.s.DefaultListableBeanFactory     : Creating shared instance of singleton bean 'org.springframework.boot.autoconfigure.http.HttpMessageConvertersAutoConfiguration$StringHttpMessageConverterConfiguration'
2025-07-04T13:16:45.404+02:00 DEBUG 6390 --- [HoopHubApi] [           main] o.s.b.f.s.DefaultListableBeanFactory     : Autowiring by type from bean name 'stringHttpMessageConverter' via factory method to bean named 'environment'
2025-07-04T13:16:45.406+02:00 DEBUG 6390 --- [HoopHubApi] [           main] o.s.b.f.s.DefaultListableBeanFactory     : Creating shared instance of singleton bean 'mappingJackson2HttpMessageConverter'
2025-07-04T13:16:45.406+02:00 DEBUG 6390 --- [HoopHubApi] [           main] o.s.b.f.s.DefaultListableBeanFactory     : Creating shared instance of singleton bean 'org.springframework.boot.autoconfigure.http.JacksonHttpMessageConvertersConfiguration$MappingJackson2HttpMessageConverterConfiguration'
2025-07-04T13:16:45.407+02:00 DEBUG 6390 --- [HoopHubApi] [           main] o.s.b.f.s.DefaultListableBeanFactory     : Creating shared instance of singleton bean 'jacksonObjectMapper'
2025-07-04T13:16:45.407+02:00 DEBUG 6390 --- [HoopHubApi] [           main] o.s.b.f.s.DefaultListableBeanFactory     : Creating shared instance of singleton bean 'org.springframework.boot.autoconfigure.jackson.JacksonAutoConfiguration$JacksonObjectMapperConfiguration'
2025-07-04T13:16:45.407+02:00 DEBUG 6390 --- [HoopHubApi] [           main] o.s.b.f.s.DefaultListableBeanFactory     : Creating shared instance of singleton bean 'org.springframework.boot.autoconfigure.jackson.JacksonAutoConfiguration$JacksonObjectMapperBuilderConfiguration'
2025-07-04T13:16:45.407+02:00 DEBUG 6390 --- [HoopHubApi] [           main] o.s.b.f.s.DefaultListableBeanFactory     : Creating shared instance of singleton bean 'standardJacksonObjectMapperBuilderCustomizer'
2025-07-04T13:16:45.407+02:00 DEBUG 6390 --- [HoopHubApi] [           main] o.s.b.f.s.DefaultListableBeanFactory     : Creating shared instance of singleton bean 'org.springframework.boot.autoconfigure.jackson.JacksonAutoConfiguration$Jackson2ObjectMapperBuilderCustomizerConfiguration'
2025-07-04T13:16:45.408+02:00 DEBUG 6390 --- [HoopHubApi] [           main] o.s.b.f.s.DefaultListableBeanFactory     : Creating shared instance of singleton bean 'spring.jackson-org.springframework.boot.autoconfigure.jackson.JacksonProperties'
2025-07-04T13:16:45.411+02:00 DEBUG 6390 --- [HoopHubApi] [           main] o.s.b.f.s.DefaultListableBeanFactory     : Autowiring by type from bean name 'standardJacksonObjectMapperBuilderCustomizer' via factory method to bean named 'spring.jackson-org.springframework.boot.autoconfigure.jackson.JacksonProperties'
2025-07-04T13:16:45.411+02:00 DEBUG 6390 --- [HoopHubApi] [           main] o.s.b.f.s.DefaultListableBeanFactory     : Creating shared instance of singleton bean 'parameterNamesModule'
2025-07-04T13:16:45.412+02:00 DEBUG 6390 --- [HoopHubApi] [           main] o.s.b.f.s.DefaultListableBeanFactory     : Creating shared instance of singleton bean 'org.springframework.boot.autoconfigure.jackson.JacksonAutoConfiguration$ParameterNamesModuleConfiguration'
2025-07-04T13:16:45.413+02:00 DEBUG 6390 --- [HoopHubApi] [           main] o.s.b.f.s.DefaultListableBeanFactory     : Creating shared instance of singleton bean 'jsonMixinModule'
2025-07-04T13:16:45.413+02:00 DEBUG 6390 --- [HoopHubApi] [           main] o.s.b.f.s.DefaultListableBeanFactory     : Creating shared instance of singleton bean 'org.springframework.boot.autoconfigure.jackson.JacksonAutoConfiguration$JacksonMixinConfiguration'
2025-07-04T13:16:45.413+02:00 DEBUG 6390 --- [HoopHubApi] [           main] o.s.b.f.s.DefaultListableBeanFactory     : Creating shared instance of singleton bean 'jsonMixinModuleEntries'
2025-07-04T13:16:45.413+02:00 DEBUG 6390 --- [HoopHubApi] [           main] o.s.b.f.s.DefaultListableBeanFactory     : Autowiring by type from bean name 'jsonMixinModuleEntries' via factory method to bean named 'org.springframework.web.context.support.GenericWebApplicationContext@17d238b1'
2025-07-04T13:16:45.415+02:00 DEBUG 6390 --- [HoopHubApi] [           main] o.s.b.f.s.DefaultListableBeanFactory     : Autowiring by type from bean name 'jsonMixinModule' via factory method to bean named 'org.springframework.web.context.support.GenericWebApplicationContext@17d238b1'
2025-07-04T13:16:45.415+02:00 DEBUG 6390 --- [HoopHubApi] [           main] o.s.b.f.s.DefaultListableBeanFactory     : Autowiring by type from bean name 'jsonMixinModule' via factory method to bean named 'jsonMixinModuleEntries'
2025-07-04T13:16:45.415+02:00 DEBUG 6390 --- [HoopHubApi] [           main] o.s.b.f.s.DefaultListableBeanFactory     : Creating shared instance of singleton bean 'jsonComponentModule'
2025-07-04T13:16:45.415+02:00 DEBUG 6390 --- [HoopHubApi] [           main] o.s.b.f.s.DefaultListableBeanFactory     : Creating shared instance of singleton bean 'org.springframework.boot.autoconfigure.jackson.JacksonAutoConfiguration'
2025-07-04T13:16:45.417+02:00 DEBUG 6390 --- [HoopHubApi] [           main] o.s.b.f.s.DefaultListableBeanFactory     : Creating shared instance of singleton bean 'jacksonGeoModule'
2025-07-04T13:16:45.417+02:00 DEBUG 6390 --- [HoopHubApi] [           main] o.s.b.f.s.DefaultListableBeanFactory     : Creating shared instance of singleton bean 'org.springframework.data.web.config.SpringDataJacksonConfiguration'
2025-07-04T13:16:45.418+02:00 DEBUG 6390 --- [HoopHubApi] [           main] o.s.b.f.s.DefaultListableBeanFactory     : Creating shared instance of singleton bean 'springDataWebSettings'
2025-07-04T13:16:45.418+02:00 DEBUG 6390 --- [HoopHubApi] [           main] o.s.b.f.s.DefaultListableBeanFactory     : Creating shared instance of singleton bean 'org.springframework.boot.autoconfigure.data.web.SpringDataWebAutoConfiguration'
2025-07-04T13:16:45.418+02:00 DEBUG 6390 --- [HoopHubApi] [           main] o.s.b.f.s.DefaultListableBeanFactory     : Creating shared instance of singleton bean 'spring.data.web-org.springframework.boot.autoconfigure.data.web.SpringDataWebProperties'
2025-07-04T13:16:45.419+02:00 DEBUG 6390 --- [HoopHubApi] [           main] o.s.b.f.s.DefaultListableBeanFactory     : Autowiring by type from bean name 'org.springframework.boot.autoconfigure.data.web.SpringDataWebAutoConfiguration' via constructor to bean named 'spring.data.web-org.springframework.boot.autoconfigure.data.web.SpringDataWebProperties'
2025-07-04T13:16:45.422+02:00 DEBUG 6390 --- [HoopHubApi] [           main] o.s.b.f.s.DefaultListableBeanFactory     : Creating shared instance of singleton bean 'pageModule'
2025-07-04T13:16:45.423+02:00 DEBUG 6390 --- [HoopHubApi] [           main] o.s.b.f.s.DefaultListableBeanFactory     : Autowiring by type from bean name 'jacksonObjectMapperBuilder' via factory method to bean named 'org.springframework.web.context.support.GenericWebApplicationContext@17d238b1'
2025-07-04T13:16:45.423+02:00 DEBUG 6390 --- [HoopHubApi] [           main] o.s.b.f.s.DefaultListableBeanFactory     : Autowiring by type from bean name 'jacksonObjectMapperBuilder' via factory method to bean named 'standardJacksonObjectMapperBuilderCustomizer'
2025-07-04T13:16:45.424+02:00 DEBUG 6390 --- [HoopHubApi] [           main] o.s.b.f.s.DefaultListableBeanFactory     : Autowiring by type from bean name 'jacksonObjectMapper' via factory method to bean named 'jacksonObjectMapperBuilder'
2025-07-04T13:16:45.429+02:00 DEBUG 6390 --- [HoopHubApi] [           main] o.s.b.f.s.DefaultListableBeanFactory     : Autowiring by type from bean name 'mappingJackson2HttpMessageConverter' via factory method to bean named 'jacksonObjectMapper'
2025-07-04T13:16:45.444+02:00 DEBUG 6390 --- [HoopHubApi] [           main] o.s.b.f.s.DefaultListableBeanFactory     : Creating shared instance of singleton bean 'resourceHandlerMapping'
2025-07-04T13:16:45.444+02:00 DEBUG 6390 --- [HoopHubApi] [           main] o.s.b.f.s.DefaultListableBeanFactory     : Autowiring by type from bean name 'resourceHandlerMapping' via factory method to bean named 'mvcContentNegotiationManager'
2025-07-04T13:16:45.444+02:00 DEBUG 6390 --- [HoopHubApi] [           main] o.s.b.f.s.DefaultListableBeanFactory     : Autowiring by type from bean name 'resourceHandlerMapping' via factory method to bean named 'mvcConversionService'
2025-07-04T13:16:45.444+02:00 DEBUG 6390 --- [HoopHubApi] [           main] o.s.b.f.s.DefaultListableBeanFactory     : Autowiring by type from bean name 'resourceHandlerMapping' via factory method to bean named 'mvcResourceUrlProvider'
2025-07-04T13:16:45.450+02:00 DEBUG 6390 --- [HoopHubApi] [           main] _.s.web.servlet.HandlerMapping.Mappings  : 'resourceHandlerMapping' {/webjars/**=ResourceHttpRequestHandler [classpath [META-INF/resources/webjars/]], /**=ResourceHttpRequestHandler [classpath [META-INF/resources/], classpath [resources/], classpath [static/], classpath [public/], ServletContext [/]]}
2025-07-04T13:16:45.451+02:00 DEBUG 6390 --- [HoopHubApi] [           main] o.s.b.f.s.DefaultListableBeanFactory     : Creating shared instance of singleton bean 'defaultServletHandlerMapping'
2025-07-04T13:16:45.451+02:00 DEBUG 6390 --- [HoopHubApi] [           main] o.s.b.f.s.DefaultListableBeanFactory     : Creating shared instance of singleton bean 'requestMappingHandlerAdapter'
2025-07-04T13:16:45.452+02:00 DEBUG 6390 --- [HoopHubApi] [           main] o.s.b.f.s.DefaultListableBeanFactory     : Autowiring by type from bean name 'requestMappingHandlerAdapter' via factory method to bean named 'mvcContentNegotiationManager'
2025-07-04T13:16:45.452+02:00 DEBUG 6390 --- [HoopHubApi] [           main] o.s.b.f.s.DefaultListableBeanFactory     : Autowiring by type from bean name 'requestMappingHandlerAdapter' via factory method to bean named 'mvcConversionService'
2025-07-04T13:16:45.452+02:00 DEBUG 6390 --- [HoopHubApi] [           main] o.s.b.f.s.DefaultListableBeanFactory     : Autowiring by type from bean name 'requestMappingHandlerAdapter' via factory method to bean named 'mvcValidator'
2025-07-04T13:16:45.454+02:00 DEBUG 6390 --- [HoopHubApi] [           main] o.s.b.f.s.DefaultListableBeanFactory     : Creating shared instance of singleton bean 'sortResolver'
2025-07-04T13:16:45.454+02:00 DEBUG 6390 --- [HoopHubApi] [           main] o.s.b.f.s.DefaultListableBeanFactory     : Creating shared instance of singleton bean 'sortCustomizer'
2025-07-04T13:16:45.456+02:00 DEBUG 6390 --- [HoopHubApi] [           main] o.s.b.f.s.DefaultListableBeanFactory     : Creating shared instance of singleton bean 'pageableResolver'
2025-07-04T13:16:45.456+02:00 DEBUG 6390 --- [HoopHubApi] [           main] o.s.b.f.s.DefaultListableBeanFactory     : Creating shared instance of singleton bean 'pageableCustomizer'
2025-07-04T13:16:45.462+02:00 DEBUG 6390 --- [HoopHubApi] [           main] s.w.s.m.m.a.RequestMappingHandlerAdapter : ControllerAdvice beans: 0 @ModelAttribute, 0 @InitBinder, 1 RequestBodyAdvice, 1 ResponseBodyAdvice
2025-07-04T13:16:45.468+02:00 DEBUG 6390 --- [HoopHubApi] [           main] o.s.b.f.s.DefaultListableBeanFactory     : Creating shared instance of singleton bean 'mvcViewResolver'
2025-07-04T13:16:45.469+02:00 DEBUG 6390 --- [HoopHubApi] [           main] o.s.b.f.s.DefaultListableBeanFactory     : Autowiring by type from bean name 'mvcViewResolver' via factory method to bean named 'mvcContentNegotiationManager'
2025-07-04T13:16:45.470+02:00 DEBUG 6390 --- [HoopHubApi] [           main] o.s.b.f.s.DefaultListableBeanFactory     : Creating shared instance of singleton bean 'defaultViewResolver'
2025-07-04T13:16:45.472+02:00 DEBUG 6390 --- [HoopHubApi] [           main] o.s.b.f.s.DefaultListableBeanFactory     : Creating shared instance of singleton bean 'viewResolver'
2025-07-04T13:16:45.472+02:00 DEBUG 6390 --- [HoopHubApi] [           main] o.s.b.f.s.DefaultListableBeanFactory     : Autowiring by type from bean name 'viewResolver' via factory method to bean named 'org.springframework.beans.factory.support.DefaultListableBeanFactory@77a281fc'
2025-07-04T13:16:45.472+02:00 DEBUG 6390 --- [HoopHubApi] [           main] o.s.b.f.s.DefaultListableBeanFactory     : Creating shared instance of singleton bean 'viewResolver'
2025-07-04T13:16:45.477+02:00 DEBUG 6390 --- [HoopHubApi] [           main] o.s.b.f.s.DefaultListableBeanFactory     : Creating shared instance of singleton bean 'handlerFunctionAdapter'
2025-07-04T13:16:45.477+02:00 DEBUG 6390 --- [HoopHubApi] [           main] o.s.b.f.s.DefaultListableBeanFactory     : Creating shared instance of singleton bean 'mvcUriComponentsContributor'
2025-07-04T13:16:45.478+02:00 DEBUG 6390 --- [HoopHubApi] [           main] o.s.b.f.s.DefaultListableBeanFactory     : Autowiring by type from bean name 'mvcUriComponentsContributor' via factory method to bean named 'mvcConversionService'
2025-07-04T13:16:45.478+02:00 DEBUG 6390 --- [HoopHubApi] [           main] o.s.b.f.s.DefaultListableBeanFactory     : Autowiring by type from bean name 'mvcUriComponentsContributor' via factory method to bean named 'requestMappingHandlerAdapter'
2025-07-04T13:16:45.479+02:00 DEBUG 6390 --- [HoopHubApi] [           main] o.s.b.f.s.DefaultListableBeanFactory     : Creating shared instance of singleton bean 'httpRequestHandlerAdapter'
2025-07-04T13:16:45.479+02:00 DEBUG 6390 --- [HoopHubApi] [           main] o.s.b.f.s.DefaultListableBeanFactory     : Creating shared instance of singleton bean 'simpleControllerHandlerAdapter'
2025-07-04T13:16:45.480+02:00 DEBUG 6390 --- [HoopHubApi] [           main] o.s.b.f.s.DefaultListableBeanFactory     : Creating shared instance of singleton bean 'handlerExceptionResolver'
2025-07-04T13:16:45.480+02:00 DEBUG 6390 --- [HoopHubApi] [           main] o.s.b.f.s.DefaultListableBeanFactory     : Autowiring by type from bean name 'handlerExceptionResolver' via factory method to bean named 'mvcContentNegotiationManager'
2025-07-04T13:16:45.482+02:00 DEBUG 6390 --- [HoopHubApi] [           main] .m.m.a.ExceptionHandlerExceptionResolver : ControllerAdvice beans: 0 @ExceptionHandler, 1 ResponseBodyAdvice
2025-07-04T13:16:45.483+02:00 DEBUG 6390 --- [HoopHubApi] [           main] o.s.b.f.s.DefaultListableBeanFactory     : Creating shared instance of singleton bean 'requestContextFilter'
2025-07-04T13:16:45.484+02:00 DEBUG 6390 --- [HoopHubApi] [           main] o.s.b.f.s.DefaultListableBeanFactory     : Creating shared instance of singleton bean 'org.springframework.boot.autoconfigure.web.servlet.WebMvcAutoConfiguration'
2025-07-04T13:16:45.484+02:00 DEBUG 6390 --- [HoopHubApi] [           main] o.s.b.f.s.DefaultListableBeanFactory     : Creating shared instance of singleton bean 'formContentFilter'
2025-07-04T13:16:45.485+02:00 DEBUG 6390 --- [HoopHubApi] [           main] o.s.b.f.s.DefaultListableBeanFactory     : Creating shared instance of singleton bean 'org.springframework.boot.autoconfigure.aop.AopAutoConfiguration$ClassProxyingConfiguration'
2025-07-04T13:16:45.485+02:00 DEBUG 6390 --- [HoopHubApi] [           main] o.s.b.f.s.DefaultListableBeanFactory     : Creating shared instance of singleton bean 'org.springframework.boot.autoconfigure.aop.AopAutoConfiguration'
2025-07-04T13:16:45.485+02:00 DEBUG 6390 --- [HoopHubApi] [           main] o.s.b.f.s.DefaultListableBeanFactory     : Creating shared instance of singleton bean 'org.springframework.boot.autoconfigure.availability.ApplicationAvailabilityAutoConfiguration'
2025-07-04T13:16:45.486+02:00 DEBUG 6390 --- [HoopHubApi] [           main] o.s.b.f.s.DefaultListableBeanFactory     : Creating shared instance of singleton bean 'applicationAvailability'
2025-07-04T13:16:45.487+02:00 DEBUG 6390 --- [HoopHubApi] [           main] o.s.b.f.s.DefaultListableBeanFactory     : Creating shared instance of singleton bean 'org.springframework.boot.autoconfigure.jdbc.DataSourceConfiguration$Hikari'
2025-07-04T13:16:45.487+02:00 DEBUG 6390 --- [HoopHubApi] [           main] o.s.b.f.s.DefaultListableBeanFactory     : Creating shared instance of singleton bean 'dataSource'
2025-07-04T13:16:45.487+02:00 DEBUG 6390 --- [HoopHubApi] [           main] o.s.b.f.s.DefaultListableBeanFactory     : Creating shared instance of singleton bean 'spring.datasource-org.springframework.boot.autoconfigure.jdbc.DataSourceProperties'
2025-07-04T13:16:45.489+02:00 DEBUG 6390 --- [HoopHubApi] [           main] o.s.b.f.s.DefaultListableBeanFactory     : Creating shared instance of singleton bean 'jdbcConnectionDetails'
2025-07-04T13:16:45.489+02:00 DEBUG 6390 --- [HoopHubApi] [           main] o.s.b.f.s.DefaultListableBeanFactory     : Creating shared instance of singleton bean 'org.springframework.boot.autoconfigure.jdbc.DataSourceAutoConfiguration$PooledDataSourceConfiguration'
2025-07-04T13:16:45.490+02:00 DEBUG 6390 --- [HoopHubApi] [           main] o.s.b.f.s.DefaultListableBeanFactory     : Autowiring by type from bean name 'jdbcConnectionDetails' via factory method to bean named 'spring.datasource-org.springframework.boot.autoconfigure.jdbc.DataSourceProperties'
2025-07-04T13:16:45.490+02:00 DEBUG 6390 --- [HoopHubApi] [           main] o.s.b.f.s.DefaultListableBeanFactory     : Autowiring by type from bean name 'dataSource' via factory method to bean named 'spring.datasource-org.springframework.boot.autoconfigure.jdbc.DataSourceProperties'
2025-07-04T13:16:45.490+02:00 DEBUG 6390 --- [HoopHubApi] [           main] o.s.b.f.s.DefaultListableBeanFactory     : Autowiring by type from bean name 'dataSource' via factory method to bean named 'jdbcConnectionDetails'
2025-07-04T13:16:45.490+02:00 DEBUG 6390 --- [HoopHubApi] [           main] o.s.b.f.s.DefaultListableBeanFactory     : Autowiring by type from bean name 'dataSource' via factory method to bean named 'environment'
2025-07-04T13:16:45.493+02:00 DEBUG 6390 --- [HoopHubApi] [           main] com.zaxxer.hikari.HikariConfig           : Class org.h2.Driver found in Thread context class loader jdk.internal.loader.ClassLoaders$AppClassLoader@2c854dc5
2025-07-04T13:16:45.498+02:00 DEBUG 6390 --- [HoopHubApi] [           main] o.s.b.f.s.DefaultListableBeanFactory     : Creating shared instance of singleton bean 'org.springframework.boot.autoconfigure.jdbc.metadata.DataSourcePoolMetadataProvidersConfiguration$HikariPoolDataSourceMetadataProviderConfiguration'
2025-07-04T13:16:45.498+02:00 DEBUG 6390 --- [HoopHubApi] [           main] o.s.b.f.s.DefaultListableBeanFactory     : Creating shared instance of singleton bean 'hikariPoolDataSourceMetadataProvider'
2025-07-04T13:16:45.499+02:00 DEBUG 6390 --- [HoopHubApi] [           main] o.s.b.f.s.DefaultListableBeanFactory     : Creating shared instance of singleton bean 'org.springframework.boot.autoconfigure.jdbc.metadata.DataSourcePoolMetadataProvidersConfiguration'
2025-07-04T13:16:45.499+02:00 DEBUG 6390 --- [HoopHubApi] [           main] o.s.b.f.s.DefaultListableBeanFactory     : Creating shared instance of singleton bean 'org.springframework.boot.autoconfigure.jdbc.DataSourceAutoConfiguration'
2025-07-04T13:16:45.499+02:00 DEBUG 6390 --- [HoopHubApi] [           main] o.s.b.f.s.DefaultListableBeanFactory     : Creating shared instance of singleton bean 'org.springframework.boot.autoconfigure.transaction.TransactionManagerCustomizationAutoConfiguration'
2025-07-04T13:16:45.499+02:00 DEBUG 6390 --- [HoopHubApi] [           main] o.s.b.f.s.DefaultListableBeanFactory     : Creating shared instance of singleton bean 'platformTransactionManagerCustomizers'
2025-07-04T13:16:45.500+02:00 DEBUG 6390 --- [HoopHubApi] [           main] o.s.b.f.s.DefaultListableBeanFactory     : Creating shared instance of singleton bean 'transactionExecutionListeners'
2025-07-04T13:16:45.500+02:00 DEBUG 6390 --- [HoopHubApi] [           main] o.s.b.f.s.DefaultListableBeanFactory     : Creating shared instance of singleton bean 'spring.transaction-org.springframework.boot.autoconfigure.transaction.TransactionProperties'
2025-07-04T13:16:45.502+02:00 DEBUG 6390 --- [HoopHubApi] [           main] o.s.b.f.s.DefaultListableBeanFactory     : Creating shared instance of singleton bean 'org.springframework.boot.autoconfigure.context.ConfigurationPropertiesAutoConfiguration'
2025-07-04T13:16:45.502+02:00 DEBUG 6390 --- [HoopHubApi] [           main] o.s.b.f.s.DefaultListableBeanFactory     : Creating shared instance of singleton bean 'org.springframework.boot.autoconfigure.context.LifecycleAutoConfiguration'
2025-07-04T13:16:45.503+02:00 DEBUG 6390 --- [HoopHubApi] [           main] o.s.b.f.s.DefaultListableBeanFactory     : Creating shared instance of singleton bean 'lifecycleProcessor'
2025-07-04T13:16:45.503+02:00 DEBUG 6390 --- [HoopHubApi] [           main] o.s.b.f.s.DefaultListableBeanFactory     : Creating shared instance of singleton bean 'spring.lifecycle-org.springframework.boot.autoconfigure.context.LifecycleProperties'
2025-07-04T13:16:45.503+02:00 DEBUG 6390 --- [HoopHubApi] [           main] o.s.b.f.s.DefaultListableBeanFactory     : Autowiring by type from bean name 'lifecycleProcessor' via factory method to bean named 'spring.lifecycle-org.springframework.boot.autoconfigure.context.LifecycleProperties'
2025-07-04T13:16:45.505+02:00 DEBUG 6390 --- [HoopHubApi] [           main] o.s.b.f.s.DefaultListableBeanFactory     : Creating shared instance of singleton bean 'org.springframework.boot.autoconfigure.dao.PersistenceExceptionTranslationAutoConfiguration'
2025-07-04T13:16:45.505+02:00 DEBUG 6390 --- [HoopHubApi] [           main] o.s.b.f.s.DefaultListableBeanFactory     : Creating shared instance of singleton bean 'org.springframework.boot.autoconfigure.jdbc.JdbcTemplateConfiguration'
2025-07-04T13:16:45.505+02:00 DEBUG 6390 --- [HoopHubApi] [           main] o.s.b.f.s.DefaultListableBeanFactory     : Creating shared instance of singleton bean 'dataSourceScriptDatabaseInitializer'
2025-07-04T13:16:45.505+02:00 DEBUG 6390 --- [HoopHubApi] [           main] o.s.b.f.s.DefaultListableBeanFactory     : Creating shared instance of singleton bean 'org.springframework.boot.autoconfigure.sql.init.DataSourceInitializationConfiguration'
2025-07-04T13:16:45.505+02:00 DEBUG 6390 --- [HoopHubApi] [           main] o.s.b.f.s.DefaultListableBeanFactory     : Creating shared instance of singleton bean 'spring.sql.init-org.springframework.boot.autoconfigure.sql.init.SqlInitializationProperties'
2025-07-04T13:16:45.506+02:00 DEBUG 6390 --- [HoopHubApi] [           main] o.s.b.f.s.DefaultListableBeanFactory     : Autowiring by type from bean name 'dataSourceScriptDatabaseInitializer' via factory method to bean named 'dataSource'
2025-07-04T13:16:45.506+02:00 DEBUG 6390 --- [HoopHubApi] [           main] o.s.b.f.s.DefaultListableBeanFactory     : Autowiring by type from bean name 'dataSourceScriptDatabaseInitializer' via factory method to bean named 'spring.sql.init-org.springframework.boot.autoconfigure.sql.init.SqlInitializationProperties'
2025-07-04T13:16:45.509+02:00 DEBUG 6390 --- [HoopHubApi] [           main] o.s.b.f.s.DefaultListableBeanFactory     : Creating shared instance of singleton bean 'jdbcTemplate'
2025-07-04T13:16:45.509+02:00 DEBUG 6390 --- [HoopHubApi] [           main] o.s.b.f.s.DefaultListableBeanFactory     : Creating shared instance of singleton bean 'spring.jdbc-org.springframework.boot.autoconfigure.jdbc.JdbcProperties'
2025-07-04T13:16:45.509+02:00 DEBUG 6390 --- [HoopHubApi] [           main] o.s.b.f.s.DefaultListableBeanFactory     : Autowiring by type from bean name 'jdbcTemplate' via factory method to bean named 'dataSource'
2025-07-04T13:16:45.509+02:00 DEBUG 6390 --- [HoopHubApi] [           main] o.s.b.f.s.DefaultListableBeanFactory     : Autowiring by type from bean name 'jdbcTemplate' via factory method to bean named 'spring.jdbc-org.springframework.boot.autoconfigure.jdbc.JdbcProperties'
2025-07-04T13:16:45.515+02:00 DEBUG 6390 --- [HoopHubApi] [           main] o.s.b.f.s.DefaultListableBeanFactory     : Creating shared instance of singleton bean 'org.springframework.boot.autoconfigure.jdbc.NamedParameterJdbcTemplateConfiguration'
2025-07-04T13:16:45.516+02:00 DEBUG 6390 --- [HoopHubApi] [           main] o.s.b.f.s.DefaultListableBeanFactory     : Creating shared instance of singleton bean 'namedParameterJdbcTemplate'
2025-07-04T13:16:45.516+02:00 DEBUG 6390 --- [HoopHubApi] [           main] o.s.b.f.s.DefaultListableBeanFactory     : Autowiring by type from bean name 'namedParameterJdbcTemplate' via factory method to bean named 'jdbcTemplate'
2025-07-04T13:16:45.521+02:00 DEBUG 6390 --- [HoopHubApi] [           main] o.s.b.f.s.DefaultListableBeanFactory     : Creating shared instance of singleton bean 'org.springframework.boot.autoconfigure.jdbc.JdbcTemplateAutoConfiguration'
2025-07-04T13:16:45.522+02:00 DEBUG 6390 --- [HoopHubApi] [           main] o.s.b.f.s.DefaultListableBeanFactory     : Creating shared instance of singleton bean 'org.springframework.boot.autoconfigure.jdbc.DataSourceTransactionManagerAutoConfiguration$JdbcTransactionManagerConfiguration'
2025-07-04T13:16:45.522+02:00 DEBUG 6390 --- [HoopHubApi] [           main] o.s.b.f.s.DefaultListableBeanFactory     : Creating shared instance of singleton bean 'transactionManager'
2025-07-04T13:16:45.522+02:00 DEBUG 6390 --- [HoopHubApi] [           main] o.s.b.f.s.DefaultListableBeanFactory     : Autowiring by type from bean name 'transactionManager' via factory method to bean named 'environment'
2025-07-04T13:16:45.522+02:00 DEBUG 6390 --- [HoopHubApi] [           main] o.s.b.f.s.DefaultListableBeanFactory     : Autowiring by type from bean name 'transactionManager' via factory method to bean named 'dataSource'
2025-07-04T13:16:45.525+02:00 DEBUG 6390 --- [HoopHubApi] [           main] o.s.b.f.s.DefaultListableBeanFactory     : Creating shared instance of singleton bean 'org.springframework.boot.autoconfigure.jdbc.DataSourceTransactionManagerAutoConfiguration'
2025-07-04T13:16:45.526+02:00 DEBUG 6390 --- [HoopHubApi] [           main] o.s.b.f.s.DefaultListableBeanFactory     : Creating shared instance of singleton bean 'org.springframework.boot.autoconfigure.data.jdbc.JdbcRepositoriesAutoConfiguration$SpringBootJdbcConfiguration'
2025-07-04T13:16:45.526+02:00 DEBUG 6390 --- [HoopHubApi] [           main] o.s.b.f.s.DefaultListableBeanFactory     : Creating shared instance of singleton bean 'spring.data.jdbc-org.springframework.boot.autoconfigure.data.jdbc.JdbcDataProperties'
2025-07-04T13:16:45.526+02:00 DEBUG 6390 --- [HoopHubApi] [           main] o.s.b.f.s.DefaultListableBeanFactory     : Autowiring by type from bean name 'org.springframework.boot.autoconfigure.data.jdbc.JdbcRepositoriesAutoConfiguration$SpringBootJdbcConfiguration' via constructor to bean named 'org.springframework.web.context.support.GenericWebApplicationContext@17d238b1'
2025-07-04T13:16:45.526+02:00 DEBUG 6390 --- [HoopHubApi] [           main] o.s.b.f.s.DefaultListableBeanFactory     : Autowiring by type from bean name 'org.springframework.boot.autoconfigure.data.jdbc.JdbcRepositoriesAutoConfiguration$SpringBootJdbcConfiguration' via constructor to bean named 'spring.data.jdbc-org.springframework.boot.autoconfigure.data.jdbc.JdbcDataProperties'
2025-07-04T13:16:45.527+02:00 DEBUG 6390 --- [HoopHubApi] [           main] o.s.b.f.s.DefaultListableBeanFactory     : Creating shared instance of singleton bean 'jdbcManagedTypes'
2025-07-04T13:16:45.528+02:00 DEBUG 6390 --- [HoopHubApi] [           main] o.s.b.f.s.DefaultListableBeanFactory     : Creating shared instance of singleton bean 'jdbcMappingContext'
2025-07-04T13:16:45.529+02:00 DEBUG 6390 --- [HoopHubApi] [           main] o.s.b.f.s.DefaultListableBeanFactory     : Creating shared instance of singleton bean 'jdbcCustomConversions'
2025-07-04T13:16:45.529+02:00 DEBUG 6390 --- [HoopHubApi] [           main] o.s.b.f.s.DefaultListableBeanFactory     : Creating shared instance of singleton bean 'jdbcDialect'
2025-07-04T13:16:45.529+02:00 DEBUG 6390 --- [HoopHubApi] [           main] o.s.b.f.s.DefaultListableBeanFactory     : Autowiring by type from bean name 'jdbcDialect' via factory method to bean named 'namedParameterJdbcTemplate'
2025-07-04T13:16:45.530+02:00 DEBUG 6390 --- [HoopHubApi] [           main] o.s.jdbc.datasource.DataSourceUtils      : Fetching JDBC Connection from DataSource
2025-07-04T13:16:45.531+02:00 DEBUG 6390 --- [HoopHubApi] [           main] com.zaxxer.hikari.HikariConfig           : HikariPool-1 - configuration:
2025-07-04T13:16:45.532+02:00 DEBUG 6390 --- [HoopHubApi] [           main] com.zaxxer.hikari.HikariConfig           : allowPoolSuspension.............false
2025-07-04T13:16:45.532+02:00 DEBUG 6390 --- [HoopHubApi] [           main] com.zaxxer.hikari.HikariConfig           : autoCommit......................true
2025-07-04T13:16:45.532+02:00 DEBUG 6390 --- [HoopHubApi] [           main] com.zaxxer.hikari.HikariConfig           : catalog.........................none
2025-07-04T13:16:45.532+02:00 DEBUG 6390 --- [HoopHubApi] [           main] com.zaxxer.hikari.HikariConfig           : connectionInitSql...............none
2025-07-04T13:16:45.532+02:00 DEBUG 6390 --- [HoopHubApi] [           main] com.zaxxer.hikari.HikariConfig           : connectionTestQuery.............none
2025-07-04T13:16:45.533+02:00 DEBUG 6390 --- [HoopHubApi] [           main] com.zaxxer.hikari.HikariConfig           : connectionTimeout...............30000
2025-07-04T13:16:45.533+02:00 DEBUG 6390 --- [HoopHubApi] [           main] com.zaxxer.hikari.HikariConfig           : credentials.....................com.zaxxer.hikari.util.Credentials@40df6090
2025-07-04T13:16:45.533+02:00 DEBUG 6390 --- [HoopHubApi] [           main] com.zaxxer.hikari.HikariConfig           : dataSource......................none
2025-07-04T13:16:45.533+02:00 DEBUG 6390 --- [HoopHubApi] [           main] com.zaxxer.hikari.HikariConfig           : dataSourceClassName.............none
2025-07-04T13:16:45.533+02:00 DEBUG 6390 --- [HoopHubApi] [           main] com.zaxxer.hikari.HikariConfig           : dataSourceJNDI..................none
2025-07-04T13:16:45.533+02:00 DEBUG 6390 --- [HoopHubApi] [           main] com.zaxxer.hikari.HikariConfig           : dataSourceProperties............{password=<masked>}
2025-07-04T13:16:45.533+02:00 DEBUG 6390 --- [HoopHubApi] [           main] com.zaxxer.hikari.HikariConfig           : driverClassName................."org.h2.Driver"
2025-07-04T13:16:45.533+02:00 DEBUG 6390 --- [HoopHubApi] [           main] com.zaxxer.hikari.HikariConfig           : exceptionOverride...............none
2025-07-04T13:16:45.533+02:00 DEBUG 6390 --- [HoopHubApi] [           main] com.zaxxer.hikari.HikariConfig           : exceptionOverrideClassName......none
2025-07-04T13:16:45.533+02:00 DEBUG 6390 --- [HoopHubApi] [           main] com.zaxxer.hikari.HikariConfig           : healthCheckProperties...........{}
2025-07-04T13:16:45.533+02:00 DEBUG 6390 --- [HoopHubApi] [           main] com.zaxxer.hikari.HikariConfig           : healthCheckRegistry.............none
2025-07-04T13:16:45.533+02:00 DEBUG 6390 --- [HoopHubApi] [           main] com.zaxxer.hikari.HikariConfig           : idleTimeout.....................600000
2025-07-04T13:16:45.533+02:00 DEBUG 6390 --- [HoopHubApi] [           main] com.zaxxer.hikari.HikariConfig           : initializationFailTimeout.......1
2025-07-04T13:16:45.533+02:00 DEBUG 6390 --- [HoopHubApi] [           main] com.zaxxer.hikari.HikariConfig           : isolateInternalQueries..........false
2025-07-04T13:16:45.533+02:00 DEBUG 6390 --- [HoopHubApi] [           main] com.zaxxer.hikari.HikariConfig           : jdbcUrl.........................jdbc:h2:mem:testdb;DB_CLOSE_DELAY=-1;DB_CLOSE_ON_EXIT=FALSE
2025-07-04T13:16:45.533+02:00 DEBUG 6390 --- [HoopHubApi] [           main] com.zaxxer.hikari.HikariConfig           : keepaliveTime...................120000
2025-07-04T13:16:45.533+02:00 DEBUG 6390 --- [HoopHubApi] [           main] com.zaxxer.hikari.HikariConfig           : leakDetectionThreshold..........0
2025-07-04T13:16:45.534+02:00 DEBUG 6390 --- [HoopHubApi] [           main] com.zaxxer.hikari.HikariConfig           : maxLifetime.....................1800000
2025-07-04T13:16:45.534+02:00 DEBUG 6390 --- [HoopHubApi] [           main] com.zaxxer.hikari.HikariConfig           : maximumPoolSize.................10
2025-07-04T13:16:45.534+02:00 DEBUG 6390 --- [HoopHubApi] [           main] com.zaxxer.hikari.HikariConfig           : metricRegistry..................none
2025-07-04T13:16:45.534+02:00 DEBUG 6390 --- [HoopHubApi] [           main] com.zaxxer.hikari.HikariConfig           : metricsTrackerFactory...........none
2025-07-04T13:16:45.534+02:00 DEBUG 6390 --- [HoopHubApi] [           main] com.zaxxer.hikari.HikariConfig           : minimumIdle.....................10
2025-07-04T13:16:45.534+02:00 DEBUG 6390 --- [HoopHubApi] [           main] com.zaxxer.hikari.HikariConfig           : password........................<masked>
2025-07-04T13:16:45.534+02:00 DEBUG 6390 --- [HoopHubApi] [           main] com.zaxxer.hikari.HikariConfig           : poolName........................"HikariPool-1"
2025-07-04T13:16:45.534+02:00 DEBUG 6390 --- [HoopHubApi] [           main] com.zaxxer.hikari.HikariConfig           : readOnly........................false
2025-07-04T13:16:45.534+02:00 DEBUG 6390 --- [HoopHubApi] [           main] com.zaxxer.hikari.HikariConfig           : registerMbeans..................false
2025-07-04T13:16:45.534+02:00 DEBUG 6390 --- [HoopHubApi] [           main] com.zaxxer.hikari.HikariConfig           : scheduledExecutor...............none
2025-07-04T13:16:45.534+02:00 DEBUG 6390 --- [HoopHubApi] [           main] com.zaxxer.hikari.HikariConfig           : schema..........................none
2025-07-04T13:16:45.534+02:00 DEBUG 6390 --- [HoopHubApi] [           main] com.zaxxer.hikari.HikariConfig           : threadFactory...................internal
2025-07-04T13:16:45.534+02:00 DEBUG 6390 --- [HoopHubApi] [           main] com.zaxxer.hikari.HikariConfig           : transactionIsolation............default
2025-07-04T13:16:45.534+02:00 DEBUG 6390 --- [HoopHubApi] [           main] com.zaxxer.hikari.HikariConfig           : username........................"sa"
2025-07-04T13:16:45.534+02:00 DEBUG 6390 --- [HoopHubApi] [           main] com.zaxxer.hikari.HikariConfig           : validationTimeout...............5000
2025-07-04T13:16:45.534+02:00  INFO 6390 --- [HoopHubApi] [           main] com.zaxxer.hikari.HikariDataSource       : HikariPool-1 - Starting...
2025-07-04T13:16:45.538+02:00 DEBUG 6390 --- [HoopHubApi] [           main] com.zaxxer.hikari.pool.PoolBase          : HikariPool-1 - Attempting to create/setup new connection (8ef34407-534d-4c87-a560-7ced8fdcc377)
2025-07-04T13:16:45.627+02:00 DEBUG 6390 --- [HoopHubApi] [           main] com.zaxxer.hikari.pool.PoolBase          : HikariPool-1 - Established new connection (8ef34407-534d-4c87-a560-7ced8fdcc377)
2025-07-04T13:16:45.627+02:00  INFO 6390 --- [HoopHubApi] [           main] com.zaxxer.hikari.pool.HikariPool        : HikariPool-1 - Added connection conn0: url=jdbc:h2:mem:testdb user=SA
2025-07-04T13:16:45.628+02:00  INFO 6390 --- [HoopHubApi] [           main] com.zaxxer.hikari.HikariDataSource       : HikariPool-1 - Start completed.
2025-07-04T13:16:45.645+02:00 DEBUG 6390 --- [HoopHubApi] [           main] o.s.data.convert.CustomConversions       : Adding converter from class java.sql.Timestamp to class java.time.LocalDateTime as reading converter
2025-07-04T13:16:45.645+02:00 DEBUG 6390 --- [HoopHubApi] [           main] o.s.data.convert.CustomConversions       : Adding converter from class java.sql.Timestamp to class java.time.LocalDate as reading converter
2025-07-04T13:16:45.645+02:00 DEBUG 6390 --- [HoopHubApi] [           main] o.s.data.convert.CustomConversions       : Adding converter from class java.time.LocalDate to class java.sql.Timestamp as writing converter
2025-07-04T13:16:45.645+02:00 DEBUG 6390 --- [HoopHubApi] [           main] o.s.data.convert.CustomConversions       : Adding converter from class java.sql.Timestamp to class java.time.LocalTime as reading converter
2025-07-04T13:16:45.645+02:00 DEBUG 6390 --- [HoopHubApi] [           main] o.s.data.convert.CustomConversions       : Adding converter from class java.time.LocalTime to class java.sql.Timestamp as writing converter
2025-07-04T13:16:45.645+02:00 DEBUG 6390 --- [HoopHubApi] [           main] o.s.data.convert.CustomConversions       : Adding converter from class java.sql.Timestamp to class java.time.Instant as reading converter
2025-07-04T13:16:45.645+02:00 DEBUG 6390 --- [HoopHubApi] [           main] o.s.data.convert.CustomConversions       : Adding converter from class java.time.Instant to class java.sql.Timestamp as writing converter
2025-07-04T13:16:45.645+02:00 DEBUG 6390 --- [HoopHubApi] [           main] o.s.data.convert.CustomConversions       : Adding converter from class java.util.Date to class java.time.LocalDateTime as reading converter
2025-07-04T13:16:45.645+02:00 DEBUG 6390 --- [HoopHubApi] [           main] o.s.data.convert.CustomConversions       : Adding converter from class java.time.LocalDateTime to class java.util.Date as writing converter
2025-07-04T13:16:45.645+02:00 DEBUG 6390 --- [HoopHubApi] [           main] o.s.data.convert.CustomConversions       : Adding converter from class java.util.Date to class java.time.LocalDate as reading converter
2025-07-04T13:16:45.645+02:00 DEBUG 6390 --- [HoopHubApi] [           main] o.s.data.convert.CustomConversions       : Adding converter from class java.time.LocalDate to class java.util.Date as writing converter
2025-07-04T13:16:45.645+02:00 DEBUG 6390 --- [HoopHubApi] [           main] o.s.data.convert.CustomConversions       : Adding converter from class java.util.Date to class java.time.LocalTime as reading converter
2025-07-04T13:16:45.645+02:00 DEBUG 6390 --- [HoopHubApi] [           main] o.s.data.convert.CustomConversions       : Adding converter from class java.time.LocalTime to class java.util.Date as writing converter
2025-07-04T13:16:45.645+02:00 DEBUG 6390 --- [HoopHubApi] [           main] o.s.data.convert.CustomConversions       : Adding converter from class java.util.Date to class java.time.Instant as reading converter
2025-07-04T13:16:45.645+02:00 DEBUG 6390 --- [HoopHubApi] [           main] o.s.data.convert.CustomConversions       : Adding converter from class java.time.Instant to class java.util.Date as writing converter
2025-07-04T13:16:45.645+02:00 DEBUG 6390 --- [HoopHubApi] [           main] o.s.data.convert.CustomConversions       : Adding converter from class java.time.LocalDateTime to class java.time.Instant as reading converter
2025-07-04T13:16:45.645+02:00 DEBUG 6390 --- [HoopHubApi] [           main] o.s.data.convert.CustomConversions       : Adding converter from class java.time.Instant to class java.time.LocalDateTime as reading converter
2025-07-04T13:16:45.645+02:00 DEBUG 6390 --- [HoopHubApi] [           main] o.s.data.convert.CustomConversions       : Adding converter from class java.time.ZoneId to class java.lang.String as writing converter
2025-07-04T13:16:45.645+02:00 DEBUG 6390 --- [HoopHubApi] [           main] o.s.data.convert.CustomConversions       : Adding converter from class java.lang.String to class java.time.ZoneId as reading converter
[...]
	at org.springframework.boot.test.mock.mockito.ResetMocksTestExecutionListener.beforeTestMethod(ResetMocksTestExecutionListener.java:64) ~[spring-boot-test-3.5.3.jar:3.5.3]
	at org.springframework.test.context.TestContextManager.beforeTestMethod(TestContextManager.java:320) ~[spring-test-6.2.8.jar:6.2.8]
	at org.springframework.test.context.junit.jupiter.SpringExtension.beforeEach(SpringExtension.java:236) ~[spring-test-6.2.8.jar:6.2.8]
	at org.junit.jupiter.engine.descriptor.TestMethodTestDescriptor.lambda$invokeBeforeEachCallbacks$2(TestMethodTestDescriptor.java:165) ~[junit-jupiter-engine-5.12.2.jar:5.12.2]
	at org.junit.jupiter.engine.descriptor.TestMethodTestDescriptor.lambda$invokeBeforeMethodsOrCallbacksUntilExceptionOccurs$6(TestMethodTestDescriptor.java:201) ~[junit-jupiter-engine-5.12.2.jar:5.12.2]
	at org.junit.platform.engine.support.hierarchical.ThrowableCollector.execute(ThrowableCollector.java:73) ~[junit-platform-engine-1.12.2.jar:1.12.2]
	at org.junit.jupiter.engine.descriptor.TestMethodTestDescriptor.invokeBeforeMethodsOrCallbacksUntilExceptionOccurs(TestMethodTestDescriptor.java:201) ~[junit-jupiter-engine-5.12.2.jar:5.12.2]
	at org.junit.jupiter.engine.descriptor.TestMethodTestDescriptor.invokeBeforeEachCallbacks(TestMethodTestDescriptor.java:164) ~[junit-jupiter-engine-5.12.2.jar:5.12.2]
	at org.junit.jupiter.engine.descriptor.TestMethodTestDescriptor.execute(TestMethodTestDescriptor.java:131) ~[junit-jupiter-engine-5.12.2.jar:5.12.2]
	at org.junit.jupiter.engine.descriptor.TestMethodTestDescriptor.execute(TestMethodTestDescriptor.java:69) ~[junit-jupiter-engine-5.12.2.jar:5.12.2]
	at org.junit.platform.engine.support.hierarchical.NodeTestTask.lambda$executeRecursively$6(NodeTestTask.java:156) ~[junit-platform-engine-1.12.2.jar:1.12.2]
	at org.junit.platform.engine.support.hierarchical.ThrowableCollector.execute(ThrowableCollector.java:73) ~[junit-platform-engine-1.12.2.jar:1.12.2]
	at org.junit.platform.engine.support.hierarchical.NodeTestTask.lambda$executeRecursively$8(NodeTestTask.java:146) ~[junit-platform-engine-1.12.2.jar:1.12.2]
	at org.junit.platform.engine.support.hierarchical.Node.around(Node.java:137) ~[junit-platform-engine-1.12.2.jar:1.12.2]
	at org.junit.platform.engine.support.hierarchical.NodeTestTask.lambda$executeRecursively$9(NodeTestTask.java:144) ~[junit-platform-engine-1.12.2.jar:1.12.2]
	at org.junit.platform.engine.support.hierarchical.ThrowableCollector.execute(ThrowableCollector.java:73) ~[junit-platform-engine-1.12.2.jar:1.12.2]
	at org.junit.platform.engine.support.hierarchical.NodeTestTask.executeRecursively(NodeTestTask.java:143) ~[junit-platform-engine-1.12.2.jar:1.12.2]
	at org.junit.platform.engine.support.hierarchical.NodeTestTask.execute(NodeTestTask.java:100) ~[junit-platform-engine-1.12.2.jar:1.12.2]
	at java.base/java.util.ArrayList.forEach(ArrayList.java:1596) ~[na:na]
	at org.junit.platform.engine.support.hierarchical.SameThreadHierarchicalTestExecutorService.invokeAll(SameThreadHierarchicalTestExecutorService.java:41) ~[junit-platform-engine-1.12.2.jar:1.12.2]
	at org.junit.platform.engine.support.hierarchical.NodeTestTask.lambda$executeRecursively$6(NodeTestTask.java:160) ~[junit-platform-engine-1.12.2.jar:1.12.2]
	at org.junit.platform.engine.support.hierarchical.ThrowableCollector.execute(ThrowableCollector.java:73) ~[junit-platform-engine-1.12.2.jar:1.12.2]
	at org.junit.platform.engine.support.hierarchical.NodeTestTask.lambda$executeRecursively$8(NodeTestTask.java:146) ~[junit-platform-engine-1.12.2.jar:1.12.2]
	at org.junit.platform.engine.support.hierarchical.Node.around(Node.java:137) ~[junit-platform-engine-1.12.2.jar:1.12.2]
	at org.junit.platform.engine.support.hierarchical.NodeTestTask.lambda$executeRecursively$9(NodeTestTask.java:144) ~[junit-platform-engine-1.12.2.jar:1.12.2]
	at org.junit.platform.engine.support.hierarchical.ThrowableCollector.execute(ThrowableCollector.java:73) ~[junit-platform-engine-1.12.2.jar:1.12.2]
	at org.junit.platform.engine.support.hierarchical.NodeTestTask.executeRecursively(NodeTestTask.java:143) ~[junit-platform-engine-1.12.2.jar:1.12.2]
	at org.junit.platform.engine.support.hierarchical.NodeTestTask.execute(NodeTestTask.java:100) ~[junit-platform-engine-1.12.2.jar:1.12.2]
	at java.base/java.util.ArrayList.forEach(ArrayList.java:1596) ~[na:na]
	at org.junit.platform.engine.support.hierarchical.SameThreadHierarchicalTestExecutorService.invokeAll(SameThreadHierarchicalTestExecutorService.java:41) ~[junit-platform-engine-1.12.2.jar:1.12.2]
	at org.junit.platform.engine.support.hierarchical.NodeTestTask.lambda$executeRecursively$6(NodeTestTask.java:160) ~[junit-platform-engine-1.12.2.jar:1.12.2]
	at org.junit.platform.engine.support.hierarchical.ThrowableCollector.execute(ThrowableCollector.java:73) ~[junit-platform-engine-1.12.2.jar:1.12.2]
	at org.junit.platform.engine.support.hierarchical.NodeTestTask.lambda$executeRecursively$8(NodeTestTask.java:146) ~[junit-platform-engine-1.12.2.jar:1.12.2]
	at org.junit.platform.engine.support.hierarchical.Node.around(Node.java:137) ~[junit-platform-engine-1.12.2.jar:1.12.2]
	at org.junit.platform.engine.support.hierarchical.NodeTestTask.lambda$executeRecursively$9(NodeTestTask.java:144) ~[junit-platform-engine-1.12.2.jar:1.12.2]
	at org.junit.platform.engine.support.hierarchical.ThrowableCollector.execute(ThrowableCollector.java:73) ~[junit-platform-engine-1.12.2.jar:1.12.2]
	at org.junit.platform.engine.support.hierarchical.NodeTestTask.executeRecursively(NodeTestTask.java:143) ~[junit-platform-engine-1.12.2.jar:1.12.2]
	at org.junit.platform.engine.support.hierarchical.NodeTestTask.execute(NodeTestTask.java:100) ~[junit-platform-engine-1.12.2.jar:1.12.2]
	at org.junit.platform.engine.support.hierarchical.SameThreadHierarchicalTestExecutorService.submit(SameThreadHierarchicalTestExecutorService.java:35) ~[junit-platform-engine-1.12.2.jar:1.12.2]
	at org.junit.platform.engine.support.hierarchical.HierarchicalTestExecutor.execute(HierarchicalTestExecutor.java:57) ~[junit-platform-engine-1.12.2.jar:1.12.2]
	at org.junit.platform.engine.support.hierarchical.HierarchicalTestEngine.execute(HierarchicalTestEngine.java:54) ~[junit-platform-engine-1.12.2.jar:1.12.2]
	at org.junit.platform.launcher.core.EngineExecutionOrchestrator.execute(EngineExecutionOrchestrator.java:201) ~[junit-platform-launcher-1.12.2.jar:1.12.2]
	at org.junit.platform.launcher.core.EngineExecutionOrchestrator.execute(EngineExecutionOrchestrator.java:170) ~[junit-platform-launcher-1.12.2.jar:1.12.2]
	at org.junit.platform.launcher.core.EngineExecutionOrchestrator.execute(EngineExecutionOrchestrator.java:94) ~[junit-platform-launcher-1.12.2.jar:1.12.2]
	at org.junit.platform.launcher.core.EngineExecutionOrchestrator.lambda$execute$0(EngineExecutionOrchestrator.java:59) ~[junit-platform-launcher-1.12.2.jar:1.12.2]
	at org.junit.platform.launcher.core.EngineExecutionOrchestrator.withInterceptedStreams(EngineExecutionOrchestrator.java:142) ~[junit-platform-launcher-1.12.2.jar:1.12.2]
	at org.junit.platform.launcher.core.EngineExecutionOrchestrator.execute(EngineExecutionOrchestrator.java:58) ~[junit-platform-launcher-1.12.2.jar:1.12.2]
	at org.junit.platform.launcher.core.DefaultLauncher.execute(DefaultLauncher.java:103) ~[junit-platform-launcher-1.12.2.jar:1.12.2]
	at org.junit.platform.launcher.core.DefaultLauncher.execute(DefaultLauncher.java:85) ~[junit-platform-launcher-1.12.2.jar:1.12.2]
	at org.junit.platform.launcher.core.DelegatingLauncher.execute(DelegatingLauncher.java:47) ~[junit-platform-launcher-1.12.2.jar:1.12.2]
	at org.junit.platform.launcher.core.InterceptingLauncher.lambda$execute$1(InterceptingLauncher.java:39) ~[junit-platform-launcher-1.12.2.jar:1.12.2]
	at org.junit.platform.launcher.core.ClasspathAlignmentCheckingLauncherInterceptor.intercept(ClasspathAlignmentCheckingLauncherInterceptor.java:25) ~[junit-platform-launcher-1.12.2.jar:1.12.2]
	at org.junit.platform.launcher.core.InterceptingLauncher.execute(InterceptingLauncher.java:38) ~[junit-platform-launcher-1.12.2.jar:1.12.2]
	at org.junit.platform.launcher.core.DelegatingLauncher.execute(DelegatingLauncher.java:47) ~[junit-platform-launcher-1.12.2.jar:1.12.2]
	at org.apache.maven.surefire.junitplatform.LazyLauncher.execute(LazyLauncher.java:56) ~[surefire-junit-platform-3.5.3.jar:3.5.3]
	at org.apache.maven.surefire.junitplatform.JUnitPlatformProvider.execute(JUnitPlatformProvider.java:194) ~[surefire-junit-platform-3.5.3.jar:3.5.3]
	at org.apache.maven.surefire.junitplatform.JUnitPlatformProvider.invokeAllTests(JUnitPlatformProvider.java:150) ~[surefire-junit-platform-3.5.3.jar:3.5.3]
	at org.apache.maven.surefire.junitplatform.JUnitPlatformProvider.invoke(JUnitPlatformProvider.java:124) ~[surefire-junit-platform-3.5.3.jar:3.5.3]
	at org.apache.maven.surefire.booter.ForkedBooter.runSuitesInProcess(ForkedBooter.java:385) ~[surefire-booter-3.5.3.jar:3.5.3]
	at org.apache.maven.surefire.booter.ForkedBooter.execute(ForkedBooter.java:162) ~[surefire-booter-3.5.3.jar:3.5.3]
	at org.apache.maven.surefire.booter.ForkedBooter.run(ForkedBooter.java:507) ~[surefire-booter-3.5.3.jar:3.5.3]
	at org.apache.maven.surefire.booter.ForkedBooter.main(ForkedBooter.java:495) ~[surefire-booter-3.5.3.jar:3.5.3]

2025-07-04T13:16:45.802+02:00 DEBUG 6390 --- [HoopHubApi] [onnection-adder] com.zaxxer.hikari.pool.HikariPool        : HikariPool-1 - After adding stats (total=3/10, idle=3/10, active=0, waiting=0)
2025-07-04T13:16:45.802+02:00 DEBUG 6390 --- [HoopHubApi] [onnection-adder] com.zaxxer.hikari.pool.PoolBase          : HikariPool-1 - Attempting to create/setup new connection (ea981383-25b8-4b8a-9756-b5ad41763b58)
2025-07-04T13:16:45.803+02:00 DEBUG 6390 --- [HoopHubApi] [onnection-adder] com.zaxxer.hikari.pool.PoolBase          : HikariPool-1 - Established new connection (ea981383-25b8-4b8a-9756-b5ad41763b58)
2025-07-04T13:16:45.803+02:00 DEBUG 6390 --- [HoopHubApi] [onnection-adder] com.zaxxer.hikari.pool.HikariPool        : HikariPool-1 - Added connection conn3: url=jdbc:h2:mem:testdb user=SA
2025-07-04T13:16:45.833+02:00 DEBUG 6390 --- [HoopHubApi] [onnection-adder] com.zaxxer.hikari.pool.HikariPool        : HikariPool-1 - After adding stats (total=4/10, idle=4/10, active=0, waiting=0)
2025-07-04T13:16:45.833+02:00 DEBUG 6390 --- [HoopHubApi] [onnection-adder] com.zaxxer.hikari.pool.PoolBase          : HikariPool-1 - Attempting to create/setup new connection (acb129a6-6e46-4fde-8de8-ac3f9474ad16)
2025-07-04T13:16:45.834+02:00 DEBUG 6390 --- [HoopHubApi] [onnection-adder] com.zaxxer.hikari.pool.PoolBase          : HikariPool-1 - Established new connection (acb129a6-6e46-4fde-8de8-ac3f9474ad16)
2025-07-04T13:16:45.834+02:00 DEBUG 6390 --- [HoopHubApi] [onnection-adder] com.zaxxer.hikari.pool.HikariPool        : HikariPool-1 - Added connection conn4: url=jdbc:h2:mem:testdb user=SA
2025-07-04T13:16:45.868+02:00 DEBUG 6390 --- [HoopHubApi] [onnection-adder] com.zaxxer.hikari.pool.HikariPool        : HikariPool-1 - After adding stats (total=5/10, idle=5/10, active=0, waiting=0)
2025-07-04T13:16:45.868+02:00 DEBUG 6390 --- [HoopHubApi] [onnection-adder] com.zaxxer.hikari.pool.PoolBase          : HikariPool-1 - Attempting to create/setup new connection (cb559c5d-d26c-4f64-ade9-074e0faab181)
2025-07-04T13:16:45.869+02:00 DEBUG 6390 --- [HoopHubApi] [onnection-adder] com.zaxxer.hikari.pool.PoolBase          : HikariPool-1 - Established new connection (cb559c5d-d26c-4f64-ade9-074e0faab181)
2025-07-04T13:16:45.869+02:00 DEBUG 6390 --- [HoopHubApi] [onnection-adder] com.zaxxer.hikari.pool.HikariPool        : HikariPool-1 - Added connection conn5: url=jdbc:h2:mem:testdb user=SA
2025-07-04T13:16:45.901+02:00 DEBUG 6390 --- [HoopHubApi] [onnection-adder] com.zaxxer.hikari.pool.HikariPool        : HikariPool-1 - After adding stats (total=6/10, idle=6/10, active=0, waiting=0)
2025-07-04T13:16:45.901+02:00 DEBUG 6390 --- [HoopHubApi] [onnection-adder] com.zaxxer.hikari.pool.PoolBase          : HikariPool-1 - Attempting to create/setup new connection (dc5449a7-5bce-474b-bfcf-25456ecff7a5)
2025-07-04T13:16:45.902+02:00 DEBUG 6390 --- [HoopHubApi] [onnection-adder] com.zaxxer.hikari.pool.PoolBase          : HikariPool-1 - Established new connection (dc5449a7-5bce-474b-bfcf-25456ecff7a5)
2025-07-04T13:16:45.902+02:00 DEBUG 6390 --- [HoopHubApi] [onnection-adder] com.zaxxer.hikari.pool.HikariPool        : HikariPool-1 - Added connection conn6: url=jdbc:h2:mem:testdb user=SA
2025-07-04T13:16:45.934+02:00 DEBUG 6390 --- [HoopHubApi] [onnection-adder] com.zaxxer.hikari.pool.HikariPool        : HikariPool-1 - After adding stats (total=7/10, idle=7/10, active=0, waiting=0)
2025-07-04T13:16:45.934+02:00 DEBUG 6390 --- [HoopHubApi] [onnection-adder] com.zaxxer.hikari.pool.PoolBase          : HikariPool-1 - Attempting to create/setup new connection (83e96409-8919-4752-9c33-b0f75b92c4b6)
2025-07-04T13:16:45.934+02:00 DEBUG 6390 --- [HoopHubApi] [onnection-adder] com.zaxxer.hikari.pool.PoolBase          : HikariPool-1 - Established new connection (83e96409-8919-4752-9c33-b0f75b92c4b6)
2025-07-04T13:16:45.935+02:00 DEBUG 6390 --- [HoopHubApi] [onnection-adder] com.zaxxer.hikari.pool.HikariPool        : HikariPool-1 - Added connection conn7: url=jdbc:h2:mem:testdb user=SA
2025-07-04T13:16:45.966+02:00 DEBUG 6390 --- [HoopHubApi] [onnection-adder] com.zaxxer.hikari.pool.HikariPool        : HikariPool-1 - After adding stats (total=8/10, idle=8/10, active=0, waiting=0)
2025-07-04T13:16:45.966+02:00 DEBUG 6390 --- [HoopHubApi] [onnection-adder] com.zaxxer.hikari.pool.PoolBase          : HikariPool-1 - Attempting to create/setup new connection (a7f8e201-bd8e-45b5-a68c-434b15ef295f)
2025-07-04T13:16:45.966+02:00 DEBUG 6390 --- [HoopHubApi] [onnection-adder] com.zaxxer.hikari.pool.PoolBase          : HikariPool-1 - Established new connection (a7f8e201-bd8e-45b5-a68c-434b15ef295f)
2025-07-04T13:16:45.966+02:00 DEBUG 6390 --- [HoopHubApi] [onnection-adder] com.zaxxer.hikari.pool.HikariPool        : HikariPool-1 - Added connection conn8: url=jdbc:h2:mem:testdb user=SA
2025-07-04T13:16:46.002+02:00 DEBUG 6390 --- [HoopHubApi] [onnection-adder] com.zaxxer.hikari.pool.HikariPool        : HikariPool-1 - After adding stats (total=9/10, idle=9/10, active=0, waiting=0)
2025-07-04T13:16:46.002+02:00 DEBUG 6390 --- [HoopHubApi] [onnection-adder] com.zaxxer.hikari.pool.PoolBase          : HikariPool-1 - Attempting to create/setup new connection (daf2e843-21a0-45b2-a23d-e8638788a376)
2025-07-04T13:16:46.003+02:00 DEBUG 6390 --- [HoopHubApi] [onnection-adder] com.zaxxer.hikari.pool.PoolBase          : HikariPool-1 - Established new connection (daf2e843-21a0-45b2-a23d-e8638788a376)
2025-07-04T13:16:46.003+02:00 DEBUG 6390 --- [HoopHubApi] [onnection-adder] com.zaxxer.hikari.pool.HikariPool        : HikariPool-1 - Added connection conn9: url=jdbc:h2:mem:testdb user=SA
2025-07-04T13:16:46.038+02:00 DEBUG 6390 --- [HoopHubApi] [onnection-adder] com.zaxxer.hikari.pool.HikariPool        : HikariPool-1 - After adding stats (total=10/10, idle=10/10, active=0, waiting=0)
2025-07-04T13:16:46.080+02:00 DEBUG 6390 --- [HoopHubApi] [           main] org.springframework.test.context.cache   : Spring test ApplicationContext cache statistics: [DefaultContextCache@7740b0ab size = 1, maxSize = 32, parentContextCount = 0, hitCount = 5, missCount = 1, failureCount = 0]
2025-07-04T13:16:46.080+02:00 DEBUG 6390 --- [HoopHubApi] [           main] org.springframework.test.context.cache   : Spring test ApplicationContext cache statistics: [DefaultContextCache@7740b0ab size = 1, maxSize = 32, parentContextCount = 0, hitCount = 6, missCount = 1, failureCount = 0]
2025-07-04T13:16:46.081+02:00 DEBUG 6390 --- [HoopHubApi] [           main] org.springframework.test.context.cache   : Spring test ApplicationContext cache statistics: [DefaultContextCache@7740b0ab size = 1, maxSize = 32, parentContextCount = 0, hitCount = 7, missCount = 1, failureCount = 0]
2025-07-04T13:16:46.082+02:00 DEBUG 6390 --- [HoopHubApi] [           main] org.springframework.test.context.cache   : Spring test ApplicationContext cache statistics: [DefaultContextCache@7740b0ab size = 1, maxSize = 32, parentContextCount = 0, hitCount = 8, missCount = 1, failureCount = 0]
2025-07-04T13:16:46.083+02:00 DEBUG 6390 --- [HoopHubApi] [           main] org.springframework.test.context.cache   : Spring test ApplicationContext cache statistics: [DefaultContextCache@7740b0ab size = 1, maxSize = 32, parentContextCount = 0, hitCount = 9, missCount = 1, failureCount = 0]
2025-07-04T13:16:46.083+02:00 DEBUG 6390 --- [HoopHubApi] [           main] org.springframework.test.context.cache   : Spring test ApplicationContext cache statistics: [DefaultContextCache@7740b0ab size = 1, maxSize = 32, parentContextCount = 0, hitCount = 10, missCount = 1, failureCount = 0]
2025-07-04T13:16:46.083+02:00 DEBUG 6390 --- [HoopHubApi] [           main] org.springframework.test.context.cache   : Spring test ApplicationContext cache statistics: [DefaultContextCache@7740b0ab size = 1, maxSize = 32, parentContextCount = 0, hitCount = 11, missCount = 1, failureCount = 0]
2025-07-04T13:16:46.083+02:00 DEBUG 6390 --- [HoopHubApi] [           main] org.springframework.test.context.cache   : Spring test ApplicationContext cache statistics: [DefaultContextCache@7740b0ab size = 1, maxSize = 32, parentContextCount = 0, hitCount = 12, missCount = 1, failureCount = 0]
2025-07-04T13:16:46.083+02:00 DEBUG 6390 --- [HoopHubApi] [           main] org.springframework.test.context.cache   : Spring test ApplicationContext cache statistics: [DefaultContextCache@7740b0ab size = 1, maxSize = 32, parentContextCount = 0, hitCount = 13, missCount = 1, failureCount = 0]
2025-07-04T13:16:46.084+02:00 DEBUG 6390 --- [HoopHubApi] [           main] org.springframework.test.context.cache   : Spring test ApplicationContext cache statistics: [DefaultContextCache@7740b0ab size = 1, maxSize = 32, parentContextCount = 0, hitCount = 14, missCount = 1, failureCount = 0]
2025-07-04T13:16:46.084+02:00 DEBUG 6390 --- [HoopHubApi] [           main] org.springframework.test.context.cache   : Spring test ApplicationContext cache statistics: [DefaultContextCache@7740b0ab size = 1, maxSize = 32, parentContextCount = 0, hitCount = 15, missCount = 1, failureCount = 0]
2025-07-04T13:16:46.084+02:00 DEBUG 6390 --- [HoopHubApi] [           main] org.springframework.test.context.cache   : Spring test ApplicationContext cache statistics: [DefaultContextCache@7740b0ab size = 1, maxSize = 32, parentContextCount = 0, hitCount = 16, missCount = 1, failureCount = 0]
2025-07-04T13:16:46.084+02:00 DEBUG 6390 --- [HoopHubApi] [           main] .c.s.DirtiesContextTestExecutionListener : After test method: class [HoophubApiApplicationTests], method [contextLoads], class annotated with @DirtiesContext [false] with mode [null], method annotated with @DirtiesContext [false] with mode [null]
2025-07-04T13:16:46.084+02:00 DEBUG 6390 --- [HoopHubApi] [           main] o.s.t.c.w.ServletTestExecutionListener   : Resetting RequestContextHolder for test class fr.hoophub.hoophubAPI.HoophubApiApplicationTests
]]></system-out>
    <system-err><![CDATA[Mockito is currently self-attaching to enable the inline-mock-maker. This will no longer work in future releases of the JDK. Please add Mockito as an agent to your build as described in Mockito's documentation: https://javadoc.io/doc/org.mockito/mockito-core/latest/org.mockito/org/mockito/Mockito.html#0.3
WARNING: A Java agent has been loaded dynamically (/Users/ugo-bertrand/.m2/repository/net/bytebuddy/byte-buddy-agent/1.17.6/byte-buddy-agent-1.17.6.jar)
WARNING: If a serviceability tool is in use, please run with -XX:+EnableDynamicAgentLoading to hide this warning
WARNING: If a serviceability tool is not in use, please run with -Djdk.instrument.traceUsage for more information
WARNING: Dynamic loading of agents will be disallowed by default in a future release
]]></system-err>
  </testcase>
</testsuite>